{"/home/eric/workspace260113/medical-deidentification/web/frontend/src/domain/entities/File.ts": {"path":"/home/eric/workspace260113/medical-deidentification/web/frontend/src/domain/entities/File.ts","statementMap":{"0":{"start":{"line":32,"column":2},"end":{"line":40,"column":null}},"1":{"start":{"line":47,"column":2},"end":{"line":47,"column":null}},"2":{"start":{"line":47,"column":19},"end":{"line":47,"column":null}},"3":{"start":{"line":48,"column":12},"end":{"line":48,"column":null}},"4":{"start":{"line":49,"column":16},"end":{"line":49,"column":null}},"5":{"start":{"line":50,"column":12},"end":{"line":50,"column":null}},"6":{"start":{"line":51,"column":2},"end":{"line":51,"column":null}},"7":{"start":{"line":58,"column":23},"end":{"line":58,"column":null}},"8":{"start":{"line":59,"column":2},"end":{"line":61,"column":null}},"9":{"start":{"line":60,"column":4},"end":{"line":60,"column":null}},"10":{"start":{"line":62,"column":2},"end":{"line":62,"column":null}},"11":{"start":{"line":69,"column":30},"end":{"line":69,"column":null}},"12":{"start":{"line":70,"column":2},"end":{"line":70,"column":null}}},"fnMap":{"0":{"name":"createUploadedFile","decl":{"start":{"line":22,"column":16},"end":{"line":22,"column":35}},"loc":{"start":{"line":31,"column":17},"end":{"line":41,"column":null}},"line":31},"1":{"name":"formatFileSize","decl":{"start":{"line":46,"column":16},"end":{"line":46,"column":31}},"loc":{"start":{"line":46,"column":54},"end":{"line":52,"column":null}},"line":46},"2":{"name":"getFileExtension","decl":{"start":{"line":57,"column":16},"end":{"line":57,"column":33}},"loc":{"start":{"line":57,"column":59},"end":{"line":63,"column":null}},"line":57},"3":{"name":"isSupportedFileType","decl":{"start":{"line":68,"column":16},"end":{"line":68,"column":36}},"loc":{"start":{"line":68,"column":63},"end":{"line":71,"column":null}},"line":68}},"branchMap":{"0":{"loc":{"start":{"line":33,"column":8},"end":{"line":33,"column":null}},"type":"binary-expr","locations":[{"start":{"line":33,"column":8},"end":{"line":33,"column":24}},{"start":{"line":33,"column":24},"end":{"line":33,"column":35}},{"start":{"line":33,"column":35},"end":{"line":33,"column":null}}],"line":33},"1":{"loc":{"start":{"line":39,"column":13},"end":{"line":39,"column":null}},"type":"binary-expr","locations":[{"start":{"line":39,"column":13},"end":{"line":39,"column":47}},{"start":{"line":39,"column":47},"end":{"line":39,"column":null}}],"line":39},"2":{"loc":{"start":{"line":47,"column":2},"end":{"line":47,"column":null}},"type":"if","locations":[{"start":{"line":47,"column":2},"end":{"line":47,"column":null}},{"start":{},"end":{}}],"line":47},"3":{"loc":{"start":{"line":59,"column":2},"end":{"line":61,"column":null}},"type":"if","locations":[{"start":{"line":59,"column":2},"end":{"line":61,"column":null}},{"start":{},"end":{}}],"line":59},"4":{"loc":{"start":{"line":59,"column":6},"end":{"line":59,"column":67}},"type":"binary-expr","locations":[{"start":{"line":59,"column":6},"end":{"line":59,"column":29}},{"start":{"line":59,"column":29},"end":{"line":59,"column":67}}],"line":59}},"s":{"0":3,"1":7,"2":1,"3":6,"4":6,"5":6,"6":6,"7":12,"8":12,"9":1,"10":11,"11":7,"12":7},"f":{"0":3,"1":7,"2":12,"3":7},"b":{"0":[3,1,0],"1":[3,1],"2":[1,6],"3":[1,11],"4":[12,11]},"meta":{"lastBranch":5,"lastFunction":4,"lastStatement":13,"seen":{"f:22:16:22:35":0,"s:32:2:40:Infinity":0,"b:33:8:33:24:33:24:33:35:33:35:33:Infinity":0,"b:39:13:39:47:39:47:39:Infinity":1,"f:46:16:46:31":1,"b:47:2:47:Infinity:undefined:undefined:undefined:undefined":2,"s:47:2:47:Infinity":1,"s:47:19:47:Infinity":2,"s:48:12:48:Infinity":3,"s:49:16:49:Infinity":4,"s:50:12:50:Infinity":5,"s:51:2:51:Infinity":6,"f:57:16:57:33":2,"s:58:23:58:Infinity":7,"b:59:2:61:Infinity:undefined:undefined:undefined:undefined":3,"s:59:2:61:Infinity":8,"b:59:6:59:29:59:29:59:67":4,"s:60:4:60:Infinity":9,"s:62:2:62:Infinity":10,"f:68:16:68:36":3,"s:69:30:69:Infinity":11,"s:70:2:70:Infinity":12}}}
,"/home/eric/workspace260113/medical-deidentification/web/frontend/src/domain/entities/Task.ts": {"path":"/home/eric/workspace260113/medical-deidentification/web/frontend/src/domain/entities/Task.ts","statementMap":{"0":{"start":{"line":46,"column":2},"end":{"line":61,"column":null}},"1":{"start":{"line":68,"column":2},"end":{"line":68,"column":null}},"2":{"start":{"line":75,"column":2},"end":{"line":75,"column":null}},"3":{"start":{"line":82,"column":2},"end":{"line":82,"column":null}},"4":{"start":{"line":89,"column":2},"end":{"line":91,"column":null}},"5":{"start":{"line":90,"column":4},"end":{"line":90,"column":null}},"6":{"start":{"line":92,"column":2},"end":{"line":102,"column":null}},"7":{"start":{"line":93,"column":4},"end":{"line":93,"column":null}},"8":{"start":{"line":94,"column":2},"end":{"line":102,"column":null}},"9":{"start":{"line":95,"column":17},"end":{"line":95,"column":null}},"10":{"start":{"line":96,"column":17},"end":{"line":96,"column":null}},"11":{"start":{"line":97,"column":4},"end":{"line":97,"column":null}},"12":{"start":{"line":99,"column":18},"end":{"line":99,"column":null}},"13":{"start":{"line":100,"column":17},"end":{"line":100,"column":null}},"14":{"start":{"line":101,"column":4},"end":{"line":101,"column":null}}},"fnMap":{"0":{"name":"createTask","decl":{"start":{"line":30,"column":16},"end":{"line":30,"column":27}},"loc":{"start":{"line":45,"column":9},"end":{"line":62,"column":null}},"line":45},"1":{"name":"isTaskCompleted","decl":{"start":{"line":67,"column":16},"end":{"line":67,"column":32}},"loc":{"start":{"line":67,"column":53},"end":{"line":69,"column":null}},"line":67},"2":{"name":"isTaskFailed","decl":{"start":{"line":74,"column":16},"end":{"line":74,"column":29}},"loc":{"start":{"line":74,"column":50},"end":{"line":76,"column":null}},"line":74},"3":{"name":"isTaskProcessing","decl":{"start":{"line":81,"column":16},"end":{"line":81,"column":33}},"loc":{"start":{"line":81,"column":54},"end":{"line":83,"column":null}},"line":81},"4":{"name":"formatTaskTime","decl":{"start":{"line":88,"column":16},"end":{"line":88,"column":31}},"loc":{"start":{"line":88,"column":57},"end":{"line":103,"column":null}},"line":88}},"branchMap":{"0":{"loc":{"start":{"line":52,"column":17},"end":{"line":52,"column":null}},"type":"cond-expr","locations":[{"start":{"line":52,"column":37},"end":{"line":52,"column":67}},{"start":{"line":52,"column":67},"end":{"line":52,"column":null}}],"line":52},"1":{"loc":{"start":{"line":55,"column":15},"end":{"line":55,"column":null}},"type":"cond-expr","locations":[{"start":{"line":55,"column":33},"end":{"line":55,"column":61}},{"start":{"line":55,"column":61},"end":{"line":55,"column":null}}],"line":55},"2":{"loc":{"start":{"line":89,"column":2},"end":{"line":91,"column":null}},"type":"if","locations":[{"start":{"line":89,"column":2},"end":{"line":91,"column":null}},{"start":{},"end":{}}],"line":89},"3":{"loc":{"start":{"line":89,"column":6},"end":{"line":89,"column":64}},"type":"binary-expr","locations":[{"start":{"line":89,"column":6},"end":{"line":89,"column":31}},{"start":{"line":89,"column":31},"end":{"line":89,"column":51}},{"start":{"line":89,"column":51},"end":{"line":89,"column":64}}],"line":89},"4":{"loc":{"start":{"line":92,"column":2},"end":{"line":102,"column":null}},"type":"if","locations":[{"start":{"line":92,"column":2},"end":{"line":102,"column":null}},{"start":{"line":94,"column":2},"end":{"line":102,"column":null}}],"line":92},"5":{"loc":{"start":{"line":94,"column":2},"end":{"line":102,"column":null}},"type":"if","locations":[{"start":{"line":94,"column":2},"end":{"line":102,"column":null}},{"start":{"line":98,"column":9},"end":{"line":102,"column":null}}],"line":94}},"s":{"0":8,"1":2,"2":2,"3":2,"4":10,"5":2,"6":8,"7":2,"8":6,"9":3,"10":3,"11":3,"12":3,"13":3,"14":3},"f":{"0":8,"1":2,"2":2,"3":2,"4":10},"b":{"0":[0,8],"1":[7,1],"2":[2,8],"3":[10,9,9],"4":[2,6],"5":[3,3]},"meta":{"lastBranch":6,"lastFunction":5,"lastStatement":15,"seen":{"f:30:16:30:27":0,"s:46:2:61:Infinity":0,"b:52:37:52:67:52:67:52:Infinity":0,"b:55:33:55:61:55:61:55:Infinity":1,"f:67:16:67:32":1,"s:68:2:68:Infinity":1,"f:74:16:74:29":2,"s:75:2:75:Infinity":2,"f:81:16:81:33":3,"s:82:2:82:Infinity":3,"f:88:16:88:31":4,"b:89:2:91:Infinity:undefined:undefined:undefined:undefined":2,"s:89:2:91:Infinity":4,"b:89:6:89:31:89:31:89:51:89:51:89:64":3,"s:90:4:90:Infinity":5,"b:92:2:102:Infinity:94:2:102:Infinity":4,"s:92:2:102:Infinity":6,"s:93:4:93:Infinity":7,"b:94:2:102:Infinity:98:9:102:Infinity":5,"s:94:2:102:Infinity":8,"s:95:17:95:Infinity":9,"s:96:17:96:Infinity":10,"s:97:4:97:Infinity":11,"s:99:18:99:Infinity":12,"s:100:17:100:Infinity":13,"s:101:4:101:Infinity":14}}}
,"/home/eric/workspace260113/medical-deidentification/web/frontend/src/infrastructure/logging/logger.ts": {"path":"/home/eric/workspace260113/medical-deidentification/web/frontend/src/infrastructure/logging/logger.ts","statementMap":{"0":{"start":{"line":23,"column":45},"end":{"line":28,"column":null}},"1":{"start":{"line":30,"column":20},"end":{"line":30,"column":null}},"2":{"start":{"line":33,"column":26},"end":{"line":38,"column":null}},"3":{"start":{"line":41,"column":2},"end":{"line":61,"column":null}},"4":{"start":{"line":42,"column":18},"end":{"line":42,"column":null}},"5":{"start":{"line":43,"column":19},"end":{"line":43,"column":null}},"6":{"start":{"line":45,"column":4},"end":{"line":49,"column":null}},"7":{"start":{"line":46,"column":6},"end":{"line":46,"column":null}},"8":{"start":{"line":48,"column":6},"end":{"line":48,"column":null}},"9":{"start":{"line":52,"column":4},"end":{"line":60,"column":null}},"10":{"start":{"line":53,"column":6},"end":{"line":53,"column":null}},"11":{"start":{"line":54,"column":6},"end":{"line":54,"column":null}},"12":{"start":{"line":57,"column":6},"end":{"line":59,"column":null}},"13":{"start":{"line":58,"column":8},"end":{"line":58,"column":null}},"14":{"start":{"line":64,"column":2},"end":{"line":66,"column":null}},"15":{"start":{"line":65,"column":4},"end":{"line":65,"column":null}},"16":{"start":{"line":86,"column":22},"end":{"line":91,"column":null}},"17":{"start":{"line":87,"column":48},"end":{"line":87,"column":null}},"18":{"start":{"line":88,"column":47},"end":{"line":88,"column":null}},"19":{"start":{"line":89,"column":47},"end":{"line":89,"column":null}},"20":{"start":{"line":90,"column":48},"end":{"line":90,"column":null}},"21":{"start":{"line":97,"column":2},"end":{"line":99,"column":null}},"22":{"start":{"line":98,"column":4},"end":{"line":98,"column":null}},"23":{"start":{"line":100,"column":2},"end":{"line":100,"column":null}},"24":{"start":{"line":107,"column":2},"end":{"line":107,"column":null}},"25":{"start":{"line":107,"column":38},"end":{"line":107,"column":57}},"26":{"start":{"line":114,"column":2},"end":{"line":116,"column":null}},"27":{"start":{"line":115,"column":4},"end":{"line":115,"column":null}}},"fnMap":{"0":{"name":"log","decl":{"start":{"line":32,"column":9},"end":{"line":32,"column":13}},"loc":{"start":{"line":32,"column":71},"end":{"line":67,"column":null}},"line":32},"1":{"name":"(anonymous_1)","decl":{"start":{"line":87,"column":9},"end":{"line":87,"column":10}},"loc":{"start":{"line":87,"column":48},"end":{"line":87,"column":null}},"line":87},"2":{"name":"(anonymous_2)","decl":{"start":{"line":88,"column":8},"end":{"line":88,"column":9}},"loc":{"start":{"line":88,"column":47},"end":{"line":88,"column":null}},"line":88},"3":{"name":"(anonymous_3)","decl":{"start":{"line":89,"column":8},"end":{"line":89,"column":9}},"loc":{"start":{"line":89,"column":47},"end":{"line":89,"column":null}},"line":89},"4":{"name":"(anonymous_4)","decl":{"start":{"line":90,"column":9},"end":{"line":90,"column":10}},"loc":{"start":{"line":90,"column":48},"end":{"line":90,"column":null}},"line":90},"5":{"name":"getAllLogs","decl":{"start":{"line":96,"column":16},"end":{"line":96,"column":41}},"loc":{"start":{"line":96,"column":41},"end":{"line":101,"column":null}},"line":96},"6":{"name":"getLogsByLevel","decl":{"start":{"line":106,"column":16},"end":{"line":106,"column":31}},"loc":{"start":{"line":106,"column":60},"end":{"line":108,"column":null}},"line":106},"7":{"name":"(anonymous_7)","decl":{"start":{"line":107,"column":29},"end":{"line":107,"column":30}},"loc":{"start":{"line":107,"column":38},"end":{"line":107,"column":57}},"line":107},"8":{"name":"clearLogs","decl":{"start":{"line":113,"column":16},"end":{"line":113,"column":34}},"loc":{"start":{"line":113,"column":34},"end":{"line":117,"column":null}},"line":113}},"branchMap":{"0":{"loc":{"start":{"line":41,"column":2},"end":{"line":61,"column":null}},"type":"if","locations":[{"start":{"line":41,"column":2},"end":{"line":61,"column":null}},{"start":{},"end":{}}],"line":41},"1":{"loc":{"start":{"line":45,"column":4},"end":{"line":49,"column":null}},"type":"if","locations":[{"start":{"line":45,"column":4},"end":{"line":49,"column":null}},{"start":{"line":47,"column":11},"end":{"line":49,"column":null}}],"line":45},"2":{"loc":{"start":{"line":52,"column":4},"end":{"line":60,"column":null}},"type":"if","locations":[{"start":{"line":52,"column":4},"end":{"line":60,"column":null}},{"start":{},"end":{}}],"line":52},"3":{"loc":{"start":{"line":53,"column":33},"end":{"line":53,"column":null}},"type":"binary-expr","locations":[{"start":{"line":53,"column":33},"end":{"line":53,"column":61}},{"start":{"line":53,"column":61},"end":{"line":53,"column":null}}],"line":53},"4":{"loc":{"start":{"line":57,"column":6},"end":{"line":59,"column":null}},"type":"if","locations":[{"start":{"line":57,"column":6},"end":{"line":59,"column":null}},{"start":{},"end":{}}],"line":57},"5":{"loc":{"start":{"line":64,"column":2},"end":{"line":66,"column":null}},"type":"if","locations":[{"start":{"line":64,"column":2},"end":{"line":66,"column":null}},{"start":{},"end":{}}],"line":64},"6":{"loc":{"start":{"line":64,"column":6},"end":{"line":64,"column":71}},"type":"binary-expr","locations":[{"start":{"line":64,"column":6},"end":{"line":64,"column":31}},{"start":{"line":64,"column":31},"end":{"line":64,"column":52}},{"start":{"line":64,"column":52},"end":{"line":64,"column":71}}],"line":64},"7":{"loc":{"start":{"line":65,"column":39},"end":{"line":65,"column":52}},"type":"binary-expr","locations":[{"start":{"line":65,"column":39},"end":{"line":65,"column":50}},{"start":{"line":65,"column":50},"end":{"line":65,"column":52}}],"line":65},"8":{"loc":{"start":{"line":97,"column":2},"end":{"line":99,"column":null}},"type":"if","locations":[{"start":{"line":97,"column":2},"end":{"line":99,"column":null}},{"start":{},"end":{}}],"line":97},"9":{"loc":{"start":{"line":97,"column":6},"end":{"line":97,"column":65}},"type":"binary-expr","locations":[{"start":{"line":97,"column":6},"end":{"line":97,"column":39}},{"start":{"line":97,"column":39},"end":{"line":97,"column":65}}],"line":97},"10":{"loc":{"start":{"line":114,"column":2},"end":{"line":116,"column":null}},"type":"if","locations":[{"start":{"line":114,"column":2},"end":{"line":116,"column":null}},{"start":{},"end":{}}],"line":114}},"s":{"0":5,"1":5,"2":87,"3":87,"4":87,"5":87,"6":87,"7":77,"8":10,"9":87,"10":87,"11":87,"12":87,"13":0,"14":87,"15":0,"16":5,"17":77,"18":6,"19":1,"20":3,"21":6,"22":6,"23":0,"24":2,"25":6,"26":10,"27":10},"f":{"0":87,"1":77,"2":6,"3":1,"4":3,"5":6,"6":2,"7":6,"8":10},"b":{"0":[87,0],"1":[77,10],"2":[87,0],"3":[87,4],"4":[0,87],"5":[0,87],"6":[87,0,0],"7":[0,0],"8":[6,0],"9":[6,6],"10":[10,0]},"meta":{"lastBranch":11,"lastFunction":9,"lastStatement":28,"seen":{"s:23:45:28:Infinity":0,"s:30:20:30:Infinity":1,"f:32:9:32:13":0,"s:33:26:38:Infinity":2,"b:41:2:61:Infinity:undefined:undefined:undefined:undefined":0,"s:41:2:61:Infinity":3,"s:42:18:42:Infinity":4,"s:43:19:43:Infinity":5,"b:45:4:49:Infinity:47:11:49:Infinity":1,"s:45:4:49:Infinity":6,"s:46:6:46:Infinity":7,"s:48:6:48:Infinity":8,"b:52:4:60:Infinity:undefined:undefined:undefined:undefined":2,"s:52:4:60:Infinity":9,"s:53:6:53:Infinity":10,"b:53:33:53:61:53:61:53:Infinity":3,"s:54:6:54:Infinity":11,"b:57:6:59:Infinity:undefined:undefined:undefined:undefined":4,"s:57:6:59:Infinity":12,"s:58:8:58:Infinity":13,"b:64:2:66:Infinity:undefined:undefined:undefined:undefined":5,"s:64:2:66:Infinity":14,"b:64:6:64:31:64:31:64:52:64:52:64:71":6,"s:65:4:65:Infinity":15,"b:65:39:65:50:65:50:65:52":7,"s:86:22:91:Infinity":16,"f:87:9:87:10":1,"s:87:48:87:Infinity":17,"f:88:8:88:9":2,"s:88:47:88:Infinity":18,"f:89:8:89:9":3,"s:89:47:89:Infinity":19,"f:90:9:90:10":4,"s:90:48:90:Infinity":20,"f:96:16:96:41":5,"b:97:2:99:Infinity:undefined:undefined:undefined:undefined":8,"s:97:2:99:Infinity":21,"b:97:6:97:39:97:39:97:65":9,"s:98:4:98:Infinity":22,"s:100:2:100:Infinity":23,"f:106:16:106:31":6,"s:107:2:107:Infinity":24,"f:107:29:107:30":7,"s:107:38:107:57":25,"f:113:16:113:34":8,"b:114:2:116:Infinity:undefined:undefined:undefined:undefined":10,"s:114:2:116:Infinity":26,"s:115:4:115:Infinity":27}}}
,"/home/eric/workspace260113/medical-deidentification/web/frontend/src/lib/utils.ts": {"path":"/home/eric/workspace260113/medical-deidentification/web/frontend/src/lib/utils.ts","statementMap":{"0":{"start":{"line":17,"column":2},"end":{"line":17,"column":null}},"1":{"start":{"line":27,"column":2},"end":{"line":27,"column":null}},"2":{"start":{"line":27,"column":19},"end":{"line":27,"column":null}},"3":{"start":{"line":29,"column":12},"end":{"line":29,"column":null}},"4":{"start":{"line":30,"column":13},"end":{"line":30,"column":null}},"5":{"start":{"line":31,"column":16},"end":{"line":31,"column":null}},"6":{"start":{"line":33,"column":12},"end":{"line":33,"column":null}},"7":{"start":{"line":35,"column":2},"end":{"line":35,"column":null}},"8":{"start":{"line":54,"column":12},"end":{"line":54,"column":null}},"9":{"start":{"line":55,"column":2},"end":{"line":55,"column":null}}},"fnMap":{"0":{"name":"cn","decl":{"start":{"line":16,"column":16},"end":{"line":16,"column":22}},"loc":{"start":{"line":16,"column":52},"end":{"line":18,"column":null}},"line":16},"1":{"name":"formatBytes","decl":{"start":{"line":26,"column":16},"end":{"line":26,"column":28}},"loc":{"start":{"line":26,"column":73},"end":{"line":36,"column":null}},"line":26},"2":{"name":"formatDate","decl":{"start":{"line":44,"column":16},"end":{"line":44,"column":null}},"loc":{"start":{"line":53,"column":10},"end":{"line":56,"column":null}},"line":53}},"branchMap":{"0":{"loc":{"start":{"line":26,"column":43},"end":{"line":26,"column":73}},"type":"default-arg","locations":[{"start":{"line":26,"column":62},"end":{"line":26,"column":73}}],"line":26},"1":{"loc":{"start":{"line":27,"column":2},"end":{"line":27,"column":null}},"type":"if","locations":[{"start":{"line":27,"column":2},"end":{"line":27,"column":null}},{"start":{},"end":{}}],"line":27},"2":{"loc":{"start":{"line":30,"column":13},"end":{"line":30,"column":null}},"type":"cond-expr","locations":[{"start":{"line":30,"column":28},"end":{"line":30,"column":32}},{"start":{"line":30,"column":32},"end":{"line":30,"column":null}}],"line":30},"3":{"loc":{"start":{"line":46,"column":2},"end":{"line":52,"column":null}},"type":"default-arg","locations":[{"start":{"line":46,"column":40},"end":{"line":52,"column":null}}],"line":46},"4":{"loc":{"start":{"line":54,"column":12},"end":{"line":54,"column":null}},"type":"cond-expr","locations":[{"start":{"line":54,"column":39},"end":{"line":54,"column":56}},{"start":{"line":54,"column":56},"end":{"line":54,"column":null}}],"line":54}},"s":{"0":70,"1":6,"2":0,"3":6,"4":6,"5":6,"6":6,"7":6,"8":6,"9":6},"f":{"0":70,"1":6,"2":6},"b":{"0":[6],"1":[0,6],"2":[0,6],"3":[6],"4":[6,0]},"meta":{"lastBranch":5,"lastFunction":3,"lastStatement":10,"seen":{"f:16:16:16:22":0,"s:17:2:17:Infinity":0,"f:26:16:26:28":1,"b:26:62:26:73":0,"b:27:2:27:Infinity:undefined:undefined:undefined:undefined":1,"s:27:2:27:Infinity":1,"s:27:19:27:Infinity":2,"s:29:12:29:Infinity":3,"s:30:13:30:Infinity":4,"b:30:28:30:32:30:32:30:Infinity":2,"s:31:16:31:Infinity":5,"s:33:12:33:Infinity":6,"s:35:2:35:Infinity":7,"f:44:16:44:Infinity":2,"b:46:40:52:Infinity":3,"s:54:12:54:Infinity":8,"b:54:39:54:56:54:56:54:Infinity":4,"s:55:2:55:Infinity":9}}}
,"/home/eric/workspace260113/medical-deidentification/web/frontend/src/presentation/components/ResultsPanel.tsx": {"path":"/home/eric/workspace260113/medical-deidentification/web/frontend/src/presentation/components/ResultsPanel.tsx","statementMap":{"0":{"start":{"line":30,"column":81},"end":{"line":41,"column":null}},"1":{"start":{"line":44,"column":2},"end":{"line":44,"column":null}},"2":{"start":{"line":49,"column":2},"end":{"line":51,"column":null}},"3":{"start":{"line":50,"column":4},"end":{"line":50,"column":null}},"4":{"start":{"line":53,"column":17},"end":{"line":53,"column":null}},"5":{"start":{"line":55,"column":2},"end":{"line":69,"column":null}},"6":{"start":{"line":74,"column":42},"end":{"line":74,"column":null}},"7":{"start":{"line":75,"column":30},"end":{"line":75,"column":null}},"8":{"start":{"line":78,"column":40},"end":{"line":81,"column":null}},"9":{"start":{"line":84,"column":29},"end":{"line":88,"column":null}},"10":{"start":{"line":86,"column":19},"end":{"line":86,"column":null}},"11":{"start":{"line":91,"column":21},"end":{"line":94,"column":null}},"12":{"start":{"line":92,"column":4},"end":{"line":92,"column":null}},"13":{"start":{"line":93,"column":4},"end":{"line":93,"column":null}},"14":{"start":{"line":97,"column":25},"end":{"line":109,"column":null}},"15":{"start":{"line":98,"column":4},"end":{"line":108,"column":null}},"16":{"start":{"line":99,"column":19},"end":{"line":99,"column":null}},"17":{"start":{"line":100,"column":18},"end":{"line":100,"column":null}},"18":{"start":{"line":101,"column":16},"end":{"line":101,"column":null}},"19":{"start":{"line":102,"column":6},"end":{"line":102,"column":null}},"20":{"start":{"line":103,"column":6},"end":{"line":103,"column":null}},"21":{"start":{"line":104,"column":6},"end":{"line":104,"column":null}},"22":{"start":{"line":105,"column":6},"end":{"line":105,"column":null}},"23":{"start":{"line":107,"column":6},"end":{"line":107,"column":null}},"24":{"start":{"line":112,"column":25},"end":{"line":175,"column":null}},"25":{"start":{"line":113,"column":4},"end":{"line":175,"column":null}},"26":{"start":{"line":134,"column":12},"end":{"line":171,"column":null}},"27":{"start":{"line":137,"column":29},"end":{"line":137,"column":null}},"28":{"start":{"line":162,"column":24},"end":{"line":162,"column":null}},"29":{"start":{"line":163,"column":24},"end":{"line":163,"column":null}},"30":{"start":{"line":179,"column":27},"end":{"line":381,"column":null}},"31":{"start":{"line":180,"column":4},"end":{"line":186,"column":null}},"32":{"start":{"line":181,"column":6},"end":{"line":184,"column":null}},"33":{"start":{"line":188,"column":4},"end":{"line":379,"column":null}},"34":{"start":{"line":200,"column":29},"end":{"line":200,"column":null}},"35":{"start":{"line":209,"column":29},"end":{"line":209,"column":null}},"36":{"start":{"line":236,"column":68},"end":{"line":236,"column":94}},"37":{"start":{"line":252,"column":16},"end":{"line":300,"column":null}},"38":{"start":{"line":272,"column":43},"end":{"line":272,"column":null}},"39":{"start":{"line":273,"column":28},"end":{"line":289,"column":null}},"40":{"start":{"line":311,"column":16},"end":{"line":374,"column":null}},"41":{"start":{"line":322,"column":30},"end":{"line":322,"column":null}},"42":{"start":{"line":328,"column":46},"end":{"line":328,"column":null}},"43":{"start":{"line":329,"column":28},"end":{"line":348,"column":null}},"44":{"start":{"line":333,"column":50},"end":{"line":333,"column":null}},"45":{"start":{"line":334,"column":52},"end":{"line":334,"column":null}},"46":{"start":{"line":335,"column":46},"end":{"line":337,"column":null}},"47":{"start":{"line":336,"column":54},"end":{"line":336,"column":null}},"48":{"start":{"line":338,"column":34},"end":{"line":345,"column":null}},"49":{"start":{"line":383,"column":2},"end":{"line":386,"column":null}}},"fnMap":{"0":{"name":"getPhiColor","decl":{"start":{"line":43,"column":9},"end":{"line":43,"column":21}},"loc":{"start":{"line":43,"column":35},"end":{"line":45,"column":null}},"line":43},"1":{"name":"DiffCell","decl":{"start":{"line":48,"column":9},"end":{"line":48,"column":18}},"loc":{"start":{"line":48,"column":105},"end":{"line":71,"column":null}},"line":48},"2":{"name":"ResultsPanel","decl":{"start":{"line":73,"column":16},"end":{"line":73,"column":31}},"loc":{"start":{"line":73,"column":31},"end":{"line":388,"column":null}},"line":73},"3":{"name":"(anonymous_3)","decl":{"start":{"line":86,"column":13},"end":{"line":86,"column":19}},"loc":{"start":{"line":86,"column":19},"end":{"line":86,"column":null}},"line":86},"4":{"name":"(anonymous_4)","decl":{"start":{"line":91,"column":21},"end":{"line":91,"column":27}},"loc":{"start":{"line":91,"column":27},"end":{"line":94,"column":null}},"line":91},"5":{"name":"(anonymous_5)","decl":{"start":{"line":97,"column":25},"end":{"line":97,"column":32}},"loc":{"start":{"line":97,"column":51},"end":{"line":109,"column":null}},"line":97},"6":{"name":"(anonymous_6)","decl":{"start":{"line":112,"column":25},"end":{"line":112,"column":null}},"loc":{"start":{"line":113,"column":4},"end":{"line":175,"column":null}},"line":113},"7":{"name":"(anonymous_7)","decl":{"start":{"line":133,"column":23},"end":{"line":133,"column":24}},"loc":{"start":{"line":134,"column":12},"end":{"line":171,"column":null}},"line":134},"8":{"name":"(anonymous_8)","decl":{"start":{"line":137,"column":23},"end":{"line":137,"column":29}},"loc":{"start":{"line":137,"column":29},"end":{"line":137,"column":null}},"line":137},"9":{"name":"(anonymous_9)","decl":{"start":{"line":161,"column":31},"end":{"line":161,"column":32}},"loc":{"start":{"line":161,"column":38},"end":{"line":164,"column":null}},"line":161},"10":{"name":"(anonymous_10)","decl":{"start":{"line":179,"column":27},"end":{"line":179,"column":33}},"loc":{"start":{"line":179,"column":33},"end":{"line":381,"column":null}},"line":179},"11":{"name":"(anonymous_11)","decl":{"start":{"line":200,"column":23},"end":{"line":200,"column":29}},"loc":{"start":{"line":200,"column":29},"end":{"line":200,"column":null}},"line":200},"12":{"name":"(anonymous_12)","decl":{"start":{"line":209,"column":23},"end":{"line":209,"column":29}},"loc":{"start":{"line":209,"column":29},"end":{"line":209,"column":null}},"line":209},"13":{"name":"(anonymous_13)","decl":{"start":{"line":236,"column":48},"end":{"line":236,"column":49}},"loc":{"start":{"line":236,"column":68},"end":{"line":236,"column":94}},"line":236},"14":{"name":"(anonymous_14)","decl":{"start":{"line":251,"column":41},"end":{"line":251,"column":42}},"loc":{"start":{"line":252,"column":16},"end":{"line":300,"column":null}},"line":252},"15":{"name":"(anonymous_15)","decl":{"start":{"line":271,"column":55},"end":{"line":271,"column":56}},"loc":{"start":{"line":271,"column":91},"end":{"line":291,"column":27}},"line":271},"16":{"name":"(anonymous_16)","decl":{"start":{"line":310,"column":41},"end":{"line":310,"column":42}},"loc":{"start":{"line":311,"column":16},"end":{"line":374,"column":null}},"line":311},"17":{"name":"(anonymous_17)","decl":{"start":{"line":321,"column":80},"end":{"line":321,"column":81}},"loc":{"start":{"line":322,"column":30},"end":{"line":322,"column":null}},"line":322},"18":{"name":"(anonymous_18)","decl":{"start":{"line":327,"column":69},"end":{"line":327,"column":70}},"loc":{"start":{"line":327,"column":123},"end":{"line":350,"column":27}},"line":327},"19":{"name":"(anonymous_19)","decl":{"start":{"line":332,"column":58},"end":{"line":332,"column":59}},"loc":{"start":{"line":332,"column":67},"end":{"line":347,"column":33}},"line":332},"20":{"name":"(anonymous_20)","decl":{"start":{"line":336,"column":36},"end":{"line":336,"column":37}},"loc":{"start":{"line":336,"column":54},"end":{"line":336,"column":null}},"line":336}},"branchMap":{"0":{"loc":{"start":{"line":44,"column":9},"end":{"line":44,"column":null}},"type":"binary-expr","locations":[{"start":{"line":44,"column":9},"end":{"line":44,"column":29}},{"start":{"line":44,"column":29},"end":{"line":44,"column":null}}],"line":44},"1":{"loc":{"start":{"line":49,"column":2},"end":{"line":51,"column":null}},"type":"if","locations":[{"start":{"line":49,"column":2},"end":{"line":51,"column":null}},{"start":{},"end":{}}],"line":49},"2":{"loc":{"start":{"line":53,"column":17},"end":{"line":53,"column":null}},"type":"cond-expr","locations":[{"start":{"line":53,"column":27},"end":{"line":53,"column":50}},{"start":{"line":53,"column":50},"end":{"line":53,"column":null}}],"line":53},"3":{"loc":{"start":{"line":78,"column":16},"end":{"line":78,"column":30}},"type":"default-arg","locations":[{"start":{"line":78,"column":26},"end":{"line":78,"column":30}}],"line":78},"4":{"loc":{"start":{"line":119,"column":7},"end":{"line":173,"column":null}},"type":"cond-expr","locations":[{"start":{"line":120,"column":8},"end":{"line":122,"column":null}},{"start":{"line":123,"column":10},"end":{"line":173,"column":null}}],"line":119},"5":{"loc":{"start":{"line":123,"column":10},"end":{"line":173,"column":null}},"type":"cond-expr","locations":[{"start":{"line":124,"column":8},"end":{"line":130,"column":null}},{"start":{"line":132,"column":8},"end":{"line":173,"column":null}}],"line":123},"6":{"loc":{"start":{"line":142,"column":21},"end":{"line":145,"column":null}},"type":"cond-expr","locations":[{"start":{"line":143,"column":22},"end":{"line":143,"column":null}},{"start":{"line":145,"column":22},"end":{"line":145,"column":null}}],"line":142},"7":{"loc":{"start":{"line":148,"column":50},"end":{"line":148,"column":84}},"type":"binary-expr","locations":[{"start":{"line":148,"column":50},"end":{"line":148,"column":69}},{"start":{"line":148,"column":69},"end":{"line":148,"column":84}}],"line":148},"8":{"loc":{"start":{"line":155,"column":36},"end":{"line":155,"column":null}},"type":"cond-expr","locations":[{"start":{"line":155,"column":59},"end":{"line":155,"column":75}},{"start":{"line":155,"column":75},"end":{"line":155,"column":null}}],"line":155},"9":{"loc":{"start":{"line":180,"column":4},"end":{"line":186,"column":null}},"type":"if","locations":[{"start":{"line":180,"column":4},"end":{"line":186,"column":null}},{"start":{},"end":{}}],"line":180},"10":{"loc":{"start":{"line":198,"column":23},"end":{"line":198,"column":null}},"type":"cond-expr","locations":[{"start":{"line":198,"column":45},"end":{"line":198,"column":57}},{"start":{"line":198,"column":57},"end":{"line":198,"column":null}}],"line":198},"11":{"loc":{"start":{"line":207,"column":23},"end":{"line":207,"column":null}},"type":"cond-expr","locations":[{"start":{"line":207,"column":45},"end":{"line":207,"column":57}},{"start":{"line":207,"column":57},"end":{"line":207,"column":null}}],"line":207},"12":{"loc":{"start":{"line":221,"column":46},"end":{"line":221,"column":92}},"type":"binary-expr","locations":[{"start":{"line":221,"column":46},"end":{"line":221,"column":71}},{"start":{"line":221,"column":71},"end":{"line":221,"column":92}}],"line":221},"13":{"loc":{"start":{"line":227,"column":44},"end":{"line":227,"column":131}},"type":"cond-expr","locations":[{"start":{"line":227,"column":72},"end":{"line":227,"column":127}},{"start":{"line":227,"column":127},"end":{"line":227,"column":131}}],"line":227},"14":{"loc":{"start":{"line":231,"column":44},"end":{"line":231,"column":78}},"type":"binary-expr","locations":[{"start":{"line":231,"column":44},"end":{"line":231,"column":76}},{"start":{"line":231,"column":76},"end":{"line":231,"column":78}}],"line":231},"15":{"loc":{"start":{"line":236,"column":19},"end":{"line":236,"column":null}},"type":"binary-expr","locations":[{"start":{"line":236,"column":19},"end":{"line":236,"column":100}},{"start":{"line":236,"column":100},"end":{"line":236,"column":null}}],"line":236},"16":{"loc":{"start":{"line":236,"column":75},"end":{"line":236,"column":94}},"type":"binary-expr","locations":[{"start":{"line":236,"column":75},"end":{"line":236,"column":90}},{"start":{"line":236,"column":90},"end":{"line":236,"column":94}}],"line":236},"17":{"loc":{"start":{"line":241,"column":44},"end":{"line":241,"column":91}},"type":"binary-expr","locations":[{"start":{"line":241,"column":44},"end":{"line":241,"column":81}},{"start":{"line":241,"column":81},"end":{"line":241,"column":91}}],"line":241},"18":{"loc":{"start":{"line":248,"column":9},"end":{"line":303,"column":null}},"type":"binary-expr","locations":[{"start":{"line":248,"column":9},"end":{"line":248,"column":null}},{"start":{"line":249,"column":10},"end":{"line":303,"column":null}}],"line":248},"19":{"loc":{"start":{"line":260,"column":21},"end":{"line":297,"column":null}},"type":"cond-expr","locations":[{"start":{"line":261,"column":22},"end":{"line":293,"column":null}},{"start":{"line":295,"column":22},"end":{"line":297,"column":null}}],"line":260},"20":{"loc":{"start":{"line":260,"column":21},"end":{"line":260,"column":null}},"type":"binary-expr","locations":[{"start":{"line":260,"column":21},"end":{"line":260,"column":48}},{"start":{"line":260,"column":48},"end":{"line":260,"column":null}}],"line":260},"21":{"loc":{"start":{"line":287,"column":35},"end":{"line":287,"column":null}},"type":"cond-expr","locations":[{"start":{"line":287,"column":52},"end":{"line":287,"column":94}},{"start":{"line":287,"column":94},"end":{"line":287,"column":null}}],"line":287},"22":{"loc":{"start":{"line":252,"column":27},"end":{"line":252,"column":null}},"type":"binary-expr","locations":[{"start":{"line":252,"column":27},"end":{"line":252,"column":49}},{"start":{"line":252,"column":49},"end":{"line":252,"column":null}}],"line":252},"23":{"loc":{"start":{"line":307,"column":9},"end":{"line":377,"column":null}},"type":"binary-expr","locations":[{"start":{"line":307,"column":9},"end":{"line":307,"column":null}},{"start":{"line":308,"column":10},"end":{"line":377,"column":null}}],"line":307},"24":{"loc":{"start":{"line":316,"column":21},"end":{"line":371,"column":null}},"type":"cond-expr","locations":[{"start":{"line":317,"column":22},"end":{"line":352,"column":null}},{"start":{"line":353,"column":24},"end":{"line":371,"column":null}}],"line":316},"25":{"loc":{"start":{"line":316,"column":21},"end":{"line":316,"column":null}},"type":"binary-expr","locations":[{"start":{"line":316,"column":21},"end":{"line":316,"column":49}},{"start":{"line":316,"column":49},"end":{"line":316,"column":null}}],"line":316},"26":{"loc":{"start":{"line":321,"column":41},"end":{"line":321,"column":74}},"type":"binary-expr","locations":[{"start":{"line":321,"column":41},"end":{"line":321,"column":72}},{"start":{"line":321,"column":72},"end":{"line":321,"column":74}}],"line":321},"27":{"loc":{"start":{"line":328,"column":46},"end":{"line":328,"column":null}},"type":"binary-expr","locations":[{"start":{"line":328,"column":46},"end":{"line":328,"column":82}},{"start":{"line":328,"column":82},"end":{"line":328,"column":null}}],"line":328},"28":{"loc":{"start":{"line":333,"column":57},"end":{"line":333,"column":75}},"type":"binary-expr","locations":[{"start":{"line":333,"column":57},"end":{"line":333,"column":73}},{"start":{"line":333,"column":73},"end":{"line":333,"column":75}}],"line":333},"29":{"loc":{"start":{"line":334,"column":59},"end":{"line":334,"column":79}},"type":"binary-expr","locations":[{"start":{"line":334,"column":59},"end":{"line":334,"column":77}},{"start":{"line":334,"column":77},"end":{"line":334,"column":79}}],"line":334},"30":{"loc":{"start":{"line":336,"column":54},"end":{"line":336,"column":null}},"type":"binary-expr","locations":[{"start":{"line":336,"column":54},"end":{"line":336,"column":77}},{"start":{"line":336,"column":77},"end":{"line":336,"column":null}}],"line":336},"31":{"loc":{"start":{"line":353,"column":24},"end":{"line":371,"column":null}},"type":"cond-expr","locations":[{"start":{"line":354,"column":22},"end":{"line":367,"column":null}},{"start":{"line":369,"column":22},"end":{"line":371,"column":null}}],"line":353},"32":{"loc":{"start":{"line":353,"column":24},"end":{"line":353,"column":null}},"type":"binary-expr","locations":[{"start":{"line":353,"column":24},"end":{"line":353,"column":55}},{"start":{"line":353,"column":55},"end":{"line":353,"column":null}}],"line":353},"33":{"loc":{"start":{"line":311,"column":27},"end":{"line":311,"column":null}},"type":"binary-expr","locations":[{"start":{"line":311,"column":27},"end":{"line":311,"column":49}},{"start":{"line":311,"column":49},"end":{"line":311,"column":null}}],"line":311},"34":{"loc":{"start":{"line":385,"column":7},"end":{"line":385,"column":null}},"type":"cond-expr","locations":[{"start":{"line":385,"column":24},"end":{"line":385,"column":45}},{"start":{"line":385,"column":45},"end":{"line":385,"column":null}}],"line":385}},"s":{"0":1,"1":0,"2":0,"3":0,"4":0,"5":0,"6":9,"7":9,"8":9,"9":9,"10":0,"11":9,"12":0,"13":0,"14":9,"15":0,"16":0,"17":0,"18":0,"19":0,"20":0,"21":0,"22":0,"23":0,"24":9,"25":9,"26":1,"27":0,"28":0,"29":0,"30":9,"31":0,"32":0,"33":0,"34":0,"35":0,"36":0,"37":0,"38":0,"39":0,"40":0,"41":0,"42":0,"43":0,"44":0,"45":0,"46":0,"47":0,"48":0,"49":9},"f":{"0":0,"1":0,"2":9,"3":0,"4":0,"5":0,"6":9,"7":1,"8":0,"9":0,"10":0,"11":0,"12":0,"13":0,"14":0,"15":0,"16":0,"17":0,"18":0,"19":0,"20":0},"b":{"0":[0,0],"1":[0,0],"2":[0,0],"3":[9],"4":[8,1],"5":[0,1],"6":[1,0],"7":[1,0],"8":[1,0],"9":[0,0],"10":[0,0],"11":[0,0],"12":[0,0],"13":[0,0],"14":[0,0],"15":[0,0],"16":[0,0],"17":[0,0],"18":[0,0],"19":[0,0],"20":[0,0],"21":[0,0],"22":[0,0],"23":[0,0],"24":[0,0],"25":[0,0],"26":[0,0],"27":[0,0],"28":[0,0],"29":[0,0],"30":[0,0],"31":[0,0],"32":[0,0],"33":[0,0],"34":[0,9]},"meta":{"lastBranch":35,"lastFunction":21,"lastStatement":50,"seen":{"s:30:81:41:Infinity":0,"f:43:9:43:21":0,"s:44:2:44:Infinity":1,"b:44:9:44:29:44:29:44:Infinity":0,"f:48:9:48:18":1,"b:49:2:51:Infinity:undefined:undefined:undefined:undefined":1,"s:49:2:51:Infinity":2,"s:50:4:50:Infinity":3,"s:53:17:53:Infinity":4,"b:53:27:53:50:53:50:53:Infinity":2,"s:55:2:69:Infinity":5,"f:73:16:73:31":2,"s:74:42:74:Infinity":6,"s:75:30:75:Infinity":7,"s:78:40:81:Infinity":8,"b:78:26:78:30":3,"s:84:29:88:Infinity":9,"f:86:13:86:19":3,"s:86:19:86:Infinity":10,"s:91:21:94:Infinity":11,"f:91:21:91:27":4,"s:92:4:92:Infinity":12,"s:93:4:93:Infinity":13,"s:97:25:109:Infinity":14,"f:97:25:97:32":5,"s:98:4:108:Infinity":15,"s:99:19:99:Infinity":16,"s:100:18:100:Infinity":17,"s:101:16:101:Infinity":18,"s:102:6:102:Infinity":19,"s:103:6:103:Infinity":20,"s:104:6:104:Infinity":21,"s:105:6:105:Infinity":22,"s:107:6:107:Infinity":23,"s:112:25:175:Infinity":24,"f:112:25:112:Infinity":6,"s:113:4:175:Infinity":25,"b:120:8:122:Infinity:123:10:173:Infinity":4,"b:124:8:130:Infinity:132:8:173:Infinity":5,"f:133:23:133:24":7,"s:134:12:171:Infinity":26,"f:137:23:137:29":8,"s:137:29:137:Infinity":27,"b:143:22:143:Infinity:145:22:145:Infinity":6,"b:148:50:148:69:148:69:148:84":7,"b:155:59:155:75:155:75:155:Infinity":8,"f:161:31:161:32":9,"s:162:24:162:Infinity":28,"s:163:24:163:Infinity":29,"s:179:27:381:Infinity":30,"f:179:27:179:33":10,"b:180:4:186:Infinity:undefined:undefined:undefined:undefined":9,"s:180:4:186:Infinity":31,"s:181:6:184:Infinity":32,"s:188:4:379:Infinity":33,"b:198:45:198:57:198:57:198:Infinity":10,"f:200:23:200:29":11,"s:200:29:200:Infinity":34,"b:207:45:207:57:207:57:207:Infinity":11,"f:209:23:209:29":12,"s:209:29:209:Infinity":35,"b:221:46:221:71:221:71:221:92":12,"b:227:72:227:127:227:127:227:131":13,"b:231:44:231:76:231:76:231:78":14,"b:236:19:236:100:236:100:236:Infinity":15,"f:236:48:236:49":13,"s:236:68:236:94":36,"b:236:75:236:90:236:90:236:94":16,"b:241:44:241:81:241:81:241:91":17,"b:248:9:248:Infinity:249:10:303:Infinity":18,"f:251:41:251:42":14,"s:252:16:300:Infinity":37,"b:261:22:293:Infinity:295:22:297:Infinity":19,"b:260:21:260:48:260:48:260:Infinity":20,"f:271:55:271:56":15,"s:272:43:272:Infinity":38,"s:273:28:289:Infinity":39,"b:287:52:287:94:287:94:287:Infinity":21,"b:252:27:252:49:252:49:252:Infinity":22,"b:307:9:307:Infinity:308:10:377:Infinity":23,"f:310:41:310:42":16,"s:311:16:374:Infinity":40,"b:317:22:352:Infinity:353:24:371:Infinity":24,"b:316:21:316:49:316:49:316:Infinity":25,"b:321:41:321:72:321:72:321:74":26,"f:321:80:321:81":17,"s:322:30:322:Infinity":41,"f:327:69:327:70":18,"s:328:46:328:Infinity":42,"b:328:46:328:82:328:82:328:Infinity":27,"s:329:28:348:Infinity":43,"f:332:58:332:59":19,"s:333:50:333:Infinity":44,"b:333:57:333:73:333:73:333:75":28,"s:334:52:334:Infinity":45,"b:334:59:334:77:334:77:334:79":29,"s:335:46:337:Infinity":46,"f:336:36:336:37":20,"s:336:54:336:Infinity":47,"b:336:54:336:77:336:77:336:Infinity":30,"s:338:34:345:Infinity":48,"b:354:22:367:Infinity:369:22:371:Infinity":31,"b:353:24:353:55:353:55:353:Infinity":32,"b:311:27:311:49:311:49:311:Infinity":33,"s:383:2:386:Infinity":49,"b:385:24:385:45:385:45:385:Infinity":34}}}
,"/home/eric/workspace260113/medical-deidentification/web/frontend/src/presentation/components/Sidebar.tsx": {"path":"/home/eric/workspace260113/medical-deidentification/web/frontend/src/presentation/components/Sidebar.tsx","statementMap":{"0":{"start":{"line":10,"column":8},"end":{"line":10,"column":null}},"1":{"start":{"line":11,"column":40},"end":{"line":11,"column":null}},"2":{"start":{"line":12,"column":38},"end":{"line":12,"column":null}},"3":{"start":{"line":15,"column":23},"end":{"line":19,"column":null}},"4":{"start":{"line":22,"column":38},"end":{"line":25,"column":null}},"5":{"start":{"line":28,"column":8},"end":{"line":33,"column":null}},"6":{"start":{"line":31,"column":6},"end":{"line":31,"column":null}},"7":{"start":{"line":36,"column":8},"end":{"line":42,"column":null}},"8":{"start":{"line":39,"column":6},"end":{"line":39,"column":null}},"9":{"start":{"line":40,"column":6},"end":{"line":40,"column":null}},"10":{"start":{"line":45,"column":8},"end":{"line":49,"column":null}},"11":{"start":{"line":46,"column":4},"end":{"line":48,"column":null}},"12":{"start":{"line":47,"column":6},"end":{"line":47,"column":null}},"13":{"start":{"line":51,"column":52},"end":{"line":60,"column":null}},"14":{"start":{"line":63,"column":30},"end":{"line":69,"column":null}},"15":{"start":{"line":64,"column":4},"end":{"line":68,"column":null}},"16":{"start":{"line":65,"column":6},"end":{"line":67,"column":null}},"17":{"start":{"line":66,"column":30},"end":{"line":66,"column":43}},"18":{"start":{"line":72,"column":18},"end":{"line":80,"column":null}},"19":{"start":{"line":73,"column":16},"end":{"line":73,"column":null}},"20":{"start":{"line":74,"column":4},"end":{"line":78,"column":null}},"21":{"start":{"line":75,"column":6},"end":{"line":75,"column":null}},"22":{"start":{"line":76,"column":4},"end":{"line":78,"column":null}},"23":{"start":{"line":77,"column":6},"end":{"line":77,"column":null}},"24":{"start":{"line":79,"column":4},"end":{"line":79,"column":null}},"25":{"start":{"line":82,"column":2},"end":{"line":267,"column":null}},"26":{"start":{"line":153,"column":16},"end":{"line":153,"column":null}},"27":{"start":{"line":153,"column":46},"end":{"line":153,"column":71}},"28":{"start":{"line":174,"column":16},"end":{"line":211,"column":null}},"29":{"start":{"line":181,"column":33},"end":{"line":181,"column":null}},"30":{"start":{"line":224,"column":12},"end":{"line":224,"column":null}},"31":{"start":{"line":224,"column":44},"end":{"line":224,"column":null}},"32":{"start":{"line":225,"column":12},"end":{"line":225,"column":null}},"33":{"start":{"line":226,"column":12},"end":{"line":235,"column":null}},"34":{"start":{"line":227,"column":14},"end":{"line":227,"column":null}},"35":{"start":{"line":228,"column":14},"end":{"line":228,"column":null}},"36":{"start":{"line":229,"column":14},"end":{"line":229,"column":null}},"37":{"start":{"line":230,"column":14},"end":{"line":230,"column":null}},"38":{"start":{"line":232,"column":14},"end":{"line":232,"column":null}},"39":{"start":{"line":234,"column":14},"end":{"line":234,"column":null}},"40":{"start":{"line":251,"column":16},"end":{"line":251,"column":null}},"41":{"start":{"line":255,"column":12},"end":{"line":260,"column":null}},"42":{"start":{"line":256,"column":27},"end":{"line":256,"column":null}},"43":{"start":{"line":256,"column":59},"end":{"line":256,"column":74}},"44":{"start":{"line":257,"column":14},"end":{"line":259,"column":null}},"45":{"start":{"line":258,"column":16},"end":{"line":258,"column":null}}},"fnMap":{"0":{"name":"Sidebar","decl":{"start":{"line":9,"column":16},"end":{"line":9,"column":26}},"loc":{"start":{"line":9,"column":26},"end":{"line":269,"column":null}},"line":9},"1":{"name":"(anonymous_1)","decl":{"start":{"line":30,"column":15},"end":{"line":30,"column":21}},"loc":{"start":{"line":30,"column":21},"end":{"line":32,"column":null}},"line":30},"2":{"name":"(anonymous_2)","decl":{"start":{"line":38,"column":15},"end":{"line":38,"column":21}},"loc":{"start":{"line":38,"column":21},"end":{"line":41,"column":null}},"line":38},"3":{"name":"(anonymous_3)","decl":{"start":{"line":45,"column":29},"end":{"line":45,"column":30}},"loc":{"start":{"line":45,"column":56},"end":{"line":49,"column":5}},"line":45},"4":{"name":"(anonymous_4)","decl":{"start":{"line":46,"column":26},"end":{"line":46,"column":27}},"loc":{"start":{"line":46,"column":36},"end":{"line":48,"column":5}},"line":46},"5":{"name":"(anonymous_5)","decl":{"start":{"line":63,"column":30},"end":{"line":63,"column":31}},"loc":{"start":{"line":63,"column":50},"end":{"line":69,"column":null}},"line":63},"6":{"name":"(anonymous_6)","decl":{"start":{"line":64,"column":21},"end":{"line":64,"column":22}},"loc":{"start":{"line":65,"column":6},"end":{"line":67,"column":null}},"line":65},"7":{"name":"(anonymous_7)","decl":{"start":{"line":66,"column":22},"end":{"line":66,"column":23}},"loc":{"start":{"line":66,"column":30},"end":{"line":66,"column":43}},"line":66},"8":{"name":"(anonymous_8)","decl":{"start":{"line":72,"column":18},"end":{"line":72,"column":19}},"loc":{"start":{"line":72,"column":40},"end":{"line":80,"column":null}},"line":72},"9":{"name":"(anonymous_9)","decl":{"start":{"line":152,"column":23},"end":{"line":152,"column":29}},"loc":{"start":{"line":152,"column":29},"end":{"line":154,"column":null}},"line":152},"10":{"name":"(anonymous_10)","decl":{"start":{"line":153,"column":38},"end":{"line":153,"column":39}},"loc":{"start":{"line":153,"column":46},"end":{"line":153,"column":71}},"line":153},"11":{"name":"(anonymous_11)","decl":{"start":{"line":173,"column":25},"end":{"line":173,"column":26}},"loc":{"start":{"line":174,"column":16},"end":{"line":211,"column":null}},"line":174},"12":{"name":"(anonymous_12)","decl":{"start":{"line":181,"column":27},"end":{"line":181,"column":33}},"loc":{"start":{"line":181,"column":33},"end":{"line":181,"column":null}},"line":181},"13":{"name":"(anonymous_13)","decl":{"start":{"line":223,"column":19},"end":{"line":223,"column":31}},"loc":{"start":{"line":223,"column":31},"end":{"line":236,"column":null}},"line":223},"14":{"name":"(anonymous_14)","decl":{"start":{"line":250,"column":14},"end":{"line":250,"column":15}},"loc":{"start":{"line":251,"column":16},"end":{"line":251,"column":null}},"line":251},"15":{"name":"(anonymous_15)","decl":{"start":{"line":254,"column":19},"end":{"line":254,"column":31}},"loc":{"start":{"line":254,"column":31},"end":{"line":261,"column":null}},"line":254},"16":{"name":"(anonymous_16)","decl":{"start":{"line":256,"column":38},"end":{"line":256,"column":39}},"loc":{"start":{"line":256,"column":59},"end":{"line":256,"column":74}},"line":256}},"branchMap":{"0":{"loc":{"start":{"line":22,"column":16},"end":{"line":22,"column":28}},"type":"default-arg","locations":[{"start":{"line":22,"column":24},"end":{"line":22,"column":28}}],"line":22},"1":{"loc":{"start":{"line":65,"column":6},"end":{"line":67,"column":null}},"type":"cond-expr","locations":[{"start":{"line":66,"column":10},"end":{"line":66,"column":null}},{"start":{"line":67,"column":10},"end":{"line":67,"column":null}}],"line":65},"2":{"loc":{"start":{"line":74,"column":4},"end":{"line":78,"column":null}},"type":"if","locations":[{"start":{"line":74,"column":4},"end":{"line":78,"column":null}},{"start":{"line":76,"column":4},"end":{"line":78,"column":null}}],"line":74},"3":{"loc":{"start":{"line":74,"column":8},"end":{"line":74,"column":58}},"type":"binary-expr","locations":[{"start":{"line":74,"column":8},"end":{"line":74,"column":26}},{"start":{"line":74,"column":26},"end":{"line":74,"column":43}},{"start":{"line":74,"column":43},"end":{"line":74,"column":58}}],"line":74},"4":{"loc":{"start":{"line":76,"column":4},"end":{"line":78,"column":null}},"type":"if","locations":[{"start":{"line":76,"column":4},"end":{"line":78,"column":null}},{"start":{},"end":{}}],"line":76},"5":{"loc":{"start":{"line":93,"column":11},"end":{"line":102,"column":null}},"type":"cond-expr","locations":[{"start":{"line":94,"column":12},"end":{"line":97,"column":null}},{"start":{"line":99,"column":12},"end":{"line":102,"column":null}}],"line":93},"6":{"loc":{"start":{"line":96,"column":19},"end":{"line":96,"column":48}},"type":"binary-expr","locations":[{"start":{"line":96,"column":19},"end":{"line":96,"column":39}},{"start":{"line":96,"column":39},"end":{"line":96,"column":48}}],"line":96},"7":{"loc":{"start":{"line":105,"column":9},"end":{"line":108,"column":null}},"type":"binary-expr","locations":[{"start":{"line":105,"column":9},"end":{"line":105,"column":19}},{"start":{"line":105,"column":19},"end":{"line":105,"column":null}},{"start":{"line":106,"column":10},"end":{"line":108,"column":null}}],"line":105},"8":{"loc":{"start":{"line":117,"column":12},"end":{"line":119,"column":null}},"type":"cond-expr","locations":[{"start":{"line":118,"column":16},"end":{"line":118,"column":null}},{"start":{"line":119,"column":16},"end":{"line":119,"column":null}}],"line":117},"9":{"loc":{"start":{"line":124,"column":11},"end":{"line":132,"column":null}},"type":"cond-expr","locations":[{"start":{"line":125,"column":12},"end":{"line":125,"column":null}},{"start":{"line":127,"column":12},"end":{"line":132,"column":null}}],"line":124},"10":{"loc":{"start":{"line":135,"column":9},"end":{"line":138,"column":null}},"type":"binary-expr","locations":[{"start":{"line":135,"column":9},"end":{"line":135,"column":null}},{"start":{"line":136,"column":10},"end":{"line":138,"column":null}}],"line":135},"11":{"loc":{"start":{"line":148,"column":11},"end":{"line":158,"column":null}},"type":"binary-expr","locations":[{"start":{"line":148,"column":11},"end":{"line":148,"column":null}},{"start":{"line":149,"column":12},"end":{"line":158,"column":null}}],"line":148},"12":{"loc":{"start":{"line":163,"column":11},"end":{"line":213,"column":null}},"type":"cond-expr","locations":[{"start":{"line":164,"column":12},"end":{"line":166,"column":null}},{"start":{"line":167,"column":14},"end":{"line":213,"column":null}}],"line":163},"13":{"loc":{"start":{"line":167,"column":14},"end":{"line":213,"column":null}},"type":"cond-expr","locations":[{"start":{"line":168,"column":12},"end":{"line":170,"column":null}},{"start":{"line":172,"column":12},"end":{"line":213,"column":null}}],"line":167},"14":{"loc":{"start":{"line":177,"column":20},"end":{"line":179,"column":null}},"type":"cond-expr","locations":[{"start":{"line":178,"column":24},"end":{"line":178,"column":null}},{"start":{"line":179,"column":24},"end":{"line":179,"column":null}}],"line":177},"15":{"loc":{"start":{"line":194,"column":22},"end":{"line":200,"column":null}},"type":"cond-expr","locations":[{"start":{"line":195,"column":26},"end":{"line":195,"column":null}},{"start":{"line":196,"column":26},"end":{"line":200,"column":null}}],"line":194},"16":{"loc":{"start":{"line":196,"column":26},"end":{"line":200,"column":null}},"type":"cond-expr","locations":[{"start":{"line":197,"column":26},"end":{"line":197,"column":null}},{"start":{"line":198,"column":26},"end":{"line":200,"column":null}}],"line":196},"17":{"loc":{"start":{"line":198,"column":26},"end":{"line":200,"column":null}},"type":"cond-expr","locations":[{"start":{"line":199,"column":26},"end":{"line":199,"column":null}},{"start":{"line":200,"column":26},"end":{"line":200,"column":null}}],"line":198},"18":{"loc":{"start":{"line":203,"column":21},"end":{"line":209,"column":null}},"type":"cond-expr","locations":[{"start":{"line":204,"column":24},"end":{"line":204,"column":null}},{"start":{"line":205,"column":24},"end":{"line":209,"column":null}}],"line":203},"19":{"loc":{"start":{"line":205,"column":24},"end":{"line":209,"column":null}},"type":"cond-expr","locations":[{"start":{"line":206,"column":24},"end":{"line":206,"column":null}},{"start":{"line":207,"column":24},"end":{"line":209,"column":null}}],"line":205},"20":{"loc":{"start":{"line":207,"column":24},"end":{"line":209,"column":null}},"type":"cond-expr","locations":[{"start":{"line":208,"column":24},"end":{"line":208,"column":null}},{"start":{"line":209,"column":24},"end":{"line":209,"column":null}}],"line":207},"21":{"loc":{"start":{"line":222,"column":20},"end":{"line":222,"column":null}},"type":"binary-expr","locations":[{"start":{"line":222,"column":20},"end":{"line":222,"column":50}},{"start":{"line":222,"column":50},"end":{"line":222,"column":66}},{"start":{"line":222,"column":66},"end":{"line":222,"column":null}}],"line":222},"22":{"loc":{"start":{"line":224,"column":12},"end":{"line":224,"column":null}},"type":"if","locations":[{"start":{"line":224,"column":12},"end":{"line":224,"column":null}},{"start":{},"end":{}}],"line":224},"23":{"loc":{"start":{"line":238,"column":11},"end":{"line":241,"column":null}},"type":"cond-expr","locations":[{"start":{"line":239,"column":12},"end":{"line":239,"column":null}},{"start":{"line":241,"column":12},"end":{"line":241,"column":null}}],"line":238},"24":{"loc":{"start":{"line":248,"column":12},"end":{"line":252,"column":null}},"type":"binary-expr","locations":[{"start":{"line":248,"column":12},"end":{"line":248,"column":null}},{"start":{"line":249,"column":12},"end":{"line":252,"column":null}}],"line":248},"25":{"loc":{"start":{"line":251,"column":16},"end":{"line":251,"column":null}},"type":"binary-expr","locations":[{"start":{"line":251,"column":16},"end":{"line":251,"column":48}},{"start":{"line":251,"column":48},"end":{"line":251,"column":null}}],"line":251},"26":{"loc":{"start":{"line":257,"column":14},"end":{"line":259,"column":null}},"type":"if","locations":[{"start":{"line":257,"column":14},"end":{"line":259,"column":null}},{"start":{},"end":{}}],"line":257}},"s":{"0":8,"1":8,"2":8,"3":8,"4":8,"5":8,"6":0,"7":8,"8":0,"9":0,"10":8,"11":0,"12":0,"13":8,"14":8,"15":1,"16":1,"17":0,"18":8,"19":6,"20":6,"21":6,"22":0,"23":0,"24":0,"25":8,"26":0,"27":0,"28":6,"29":1,"30":0,"31":0,"32":0,"33":0,"34":0,"35":0,"36":0,"37":0,"38":0,"39":0,"40":2,"41":0,"42":0,"43":0,"44":0,"45":0},"f":{"0":8,"1":0,"2":0,"3":0,"4":0,"5":1,"6":1,"7":0,"8":6,"9":0,"10":0,"11":6,"12":1,"13":0,"14":2,"15":0,"16":0},"b":{"0":[8],"1":[0,1],"2":[6,0],"3":[6,3,3],"4":[0,0],"5":[3,5],"6":[3,0],"7":[8,3,0],"8":[0,8],"9":[0,8],"10":[8,0],"11":[8,1],"12":[5,3],"13":[0,3],"14":[1,5],"15":[0,6],"16":[0,6],"17":[0,6],"18":[0,6],"19":[0,6],"20":[0,6],"21":[8,1,1],"22":[0,0],"23":[0,8],"24":[8,1],"25":[2,1],"26":[0,0]},"meta":{"lastBranch":27,"lastFunction":17,"lastStatement":46,"seen":{"f:9:16:9:26":0,"s:10:8:10:Infinity":0,"s:11:40:11:Infinity":1,"s:12:38:12:Infinity":2,"s:15:23:19:Infinity":3,"s:22:38:25:Infinity":4,"b:22:24:22:28":0,"s:28:8:33:Infinity":5,"f:30:15:30:21":1,"s:31:6:31:Infinity":6,"s:36:8:42:Infinity":7,"f:38:15:38:21":2,"s:39:6:39:Infinity":8,"s:40:6:40:Infinity":9,"s:45:8:49:Infinity":10,"f:45:29:45:30":3,"s:46:4:48:Infinity":11,"f:46:26:46:27":4,"s:47:6:47:Infinity":12,"s:51:52:60:Infinity":13,"s:63:30:69:Infinity":14,"f:63:30:63:31":5,"s:64:4:68:Infinity":15,"f:64:21:64:22":6,"s:65:6:67:Infinity":16,"b:66:10:66:Infinity:67:10:67:Infinity":1,"f:66:22:66:23":7,"s:66:30:66:43":17,"s:72:18:80:Infinity":18,"f:72:18:72:19":8,"s:73:16:73:Infinity":19,"b:74:4:78:Infinity:76:4:78:Infinity":2,"s:74:4:78:Infinity":20,"b:74:8:74:26:74:26:74:43:74:43:74:58":3,"s:75:6:75:Infinity":21,"b:76:4:78:Infinity:undefined:undefined:undefined:undefined":4,"s:76:4:78:Infinity":22,"s:77:6:77:Infinity":23,"s:79:4:79:Infinity":24,"s:82:2:267:Infinity":25,"b:94:12:97:Infinity:99:12:102:Infinity":5,"b:96:19:96:39:96:39:96:48":6,"b:105:9:105:19:105:19:105:Infinity:106:10:108:Infinity":7,"b:118:16:118:Infinity:119:16:119:Infinity":8,"b:125:12:125:Infinity:127:12:132:Infinity":9,"b:135:9:135:Infinity:136:10:138:Infinity":10,"b:148:11:148:Infinity:149:12:158:Infinity":11,"f:152:23:152:29":9,"s:153:16:153:Infinity":26,"f:153:38:153:39":10,"s:153:46:153:71":27,"b:164:12:166:Infinity:167:14:213:Infinity":12,"b:168:12:170:Infinity:172:12:213:Infinity":13,"f:173:25:173:26":11,"s:174:16:211:Infinity":28,"b:178:24:178:Infinity:179:24:179:Infinity":14,"f:181:27:181:33":12,"s:181:33:181:Infinity":29,"b:195:26:195:Infinity:196:26:200:Infinity":15,"b:197:26:197:Infinity:198:26:200:Infinity":16,"b:199:26:199:Infinity:200:26:200:Infinity":17,"b:204:24:204:Infinity:205:24:209:Infinity":18,"b:206:24:206:Infinity:207:24:209:Infinity":19,"b:208:24:208:Infinity:209:24:209:Infinity":20,"b:222:20:222:50:222:50:222:66:222:66:222:Infinity":21,"f:223:19:223:31":13,"b:224:12:224:Infinity:undefined:undefined:undefined:undefined":22,"s:224:12:224:Infinity":30,"s:224:44:224:Infinity":31,"s:225:12:225:Infinity":32,"s:226:12:235:Infinity":33,"s:227:14:227:Infinity":34,"s:228:14:228:Infinity":35,"s:229:14:229:Infinity":36,"s:230:14:230:Infinity":37,"s:232:14:232:Infinity":38,"s:234:14:234:Infinity":39,"b:239:12:239:Infinity:241:12:241:Infinity":23,"b:248:12:248:Infinity:249:12:252:Infinity":24,"f:250:14:250:15":14,"s:251:16:251:Infinity":40,"b:251:16:251:48:251:48:251:Infinity":25,"f:254:19:254:31":15,"s:255:12:260:Infinity":41,"s:256:27:256:Infinity":42,"f:256:38:256:39":16,"s:256:59:256:74":43,"b:257:14:259:Infinity:undefined:undefined:undefined:undefined":26,"s:257:14:259:Infinity":44,"s:258:16:258:Infinity":45}}}
,"/home/eric/workspace260113/medical-deidentification/web/frontend/src/presentation/components/TasksPanel.tsx": {"path":"/home/eric/workspace260113/medical-deidentification/web/frontend/src/presentation/components/TasksPanel.tsx","statementMap":{"0":{"start":{"line":9,"column":2},"end":{"line":11,"column":null}},"1":{"start":{"line":10,"column":4},"end":{"line":10,"column":null}},"2":{"start":{"line":12,"column":2},"end":{"line":22,"column":null}},"3":{"start":{"line":13,"column":4},"end":{"line":13,"column":null}},"4":{"start":{"line":14,"column":2},"end":{"line":22,"column":null}},"5":{"start":{"line":15,"column":17},"end":{"line":15,"column":null}},"6":{"start":{"line":16,"column":17},"end":{"line":16,"column":null}},"7":{"start":{"line":17,"column":4},"end":{"line":17,"column":null}},"8":{"start":{"line":19,"column":18},"end":{"line":19,"column":null}},"9":{"start":{"line":20,"column":17},"end":{"line":20,"column":null}},"10":{"start":{"line":21,"column":4},"end":{"line":21,"column":null}},"11":{"start":{"line":26,"column":8},"end":{"line":26,"column":null}},"12":{"start":{"line":29,"column":38},"end":{"line":33,"column":null}},"13":{"start":{"line":36,"column":2},"end":{"line":42,"column":null}},"14":{"start":{"line":37,"column":22},"end":{"line":37,"column":null}},"15":{"start":{"line":37,"column":54},"end":{"line":37,"column":78}},"16":{"start":{"line":38,"column":4},"end":{"line":41,"column":null}},"17":{"start":{"line":39,"column":6},"end":{"line":39,"column":null}},"18":{"start":{"line":40,"column":6},"end":{"line":40,"column":null}},"19":{"start":{"line":44,"column":24},"end":{"line":55,"column":null}},"20":{"start":{"line":45,"column":4},"end":{"line":54,"column":null}},"21":{"start":{"line":47,"column":8},"end":{"line":47,"column":null}},"22":{"start":{"line":49,"column":8},"end":{"line":49,"column":null}},"23":{"start":{"line":51,"column":8},"end":{"line":51,"column":null}},"24":{"start":{"line":53,"column":8},"end":{"line":53,"column":null}},"25":{"start":{"line":57,"column":25},"end":{"line":68,"column":null}},"26":{"start":{"line":58,"column":4},"end":{"line":67,"column":null}},"27":{"start":{"line":60,"column":8},"end":{"line":60,"column":null}},"28":{"start":{"line":62,"column":8},"end":{"line":62,"column":null}},"29":{"start":{"line":64,"column":8},"end":{"line":64,"column":null}},"30":{"start":{"line":66,"column":8},"end":{"line":66,"column":null}},"31":{"start":{"line":70,"column":26},"end":{"line":70,"column":null}},"32":{"start":{"line":70,"column":58},"end":{"line":70,"column":83}},"33":{"start":{"line":71,"column":25},"end":{"line":71,"column":null}},"34":{"start":{"line":71,"column":57},"end":{"line":71,"column":81}},"35":{"start":{"line":72,"column":22},"end":{"line":72,"column":null}},"36":{"start":{"line":72,"column":54},"end":{"line":72,"column":75}},"37":{"start":{"line":74,"column":2},"end":{"line":190,"column":null}},"38":{"start":{"line":100,"column":25},"end":{"line":100,"column":null}},"39":{"start":{"line":120,"column":14},"end":{"line":185,"column":null}}},"fnMap":{"0":{"name":"formatTime","decl":{"start":{"line":8,"column":9},"end":{"line":8,"column":20}},"loc":{"start":{"line":8,"column":46},"end":{"line":23,"column":null}},"line":8},"1":{"name":"TasksPanel","decl":{"start":{"line":25,"column":16},"end":{"line":25,"column":29}},"loc":{"start":{"line":25,"column":29},"end":{"line":192,"column":null}},"line":25},"2":{"name":"(anonymous_2)","decl":{"start":{"line":36,"column":12},"end":{"line":36,"column":18}},"loc":{"start":{"line":36,"column":18},"end":{"line":42,"column":5}},"line":36},"3":{"name":"(anonymous_3)","decl":{"start":{"line":37,"column":35},"end":{"line":37,"column":36}},"loc":{"start":{"line":37,"column":54},"end":{"line":37,"column":78}},"line":37},"4":{"name":"(anonymous_4)","decl":{"start":{"line":44,"column":24},"end":{"line":44,"column":25}},"loc":{"start":{"line":44,"column":44},"end":{"line":55,"column":null}},"line":44},"5":{"name":"(anonymous_5)","decl":{"start":{"line":57,"column":25},"end":{"line":57,"column":26}},"loc":{"start":{"line":57,"column":45},"end":{"line":68,"column":null}},"line":57},"6":{"name":"(anonymous_6)","decl":{"start":{"line":70,"column":39},"end":{"line":70,"column":40}},"loc":{"start":{"line":70,"column":58},"end":{"line":70,"column":83}},"line":70},"7":{"name":"(anonymous_7)","decl":{"start":{"line":71,"column":38},"end":{"line":71,"column":39}},"loc":{"start":{"line":71,"column":57},"end":{"line":71,"column":81}},"line":71},"8":{"name":"(anonymous_8)","decl":{"start":{"line":72,"column":35},"end":{"line":72,"column":36}},"loc":{"start":{"line":72,"column":54},"end":{"line":72,"column":75}},"line":72},"9":{"name":"(anonymous_9)","decl":{"start":{"line":100,"column":19},"end":{"line":100,"column":25}},"loc":{"start":{"line":100,"column":25},"end":{"line":100,"column":null}},"line":100},"10":{"name":"(anonymous_10)","decl":{"start":{"line":119,"column":23},"end":{"line":119,"column":24}},"loc":{"start":{"line":120,"column":14},"end":{"line":185,"column":null}},"line":120}},"branchMap":{"0":{"loc":{"start":{"line":9,"column":2},"end":{"line":11,"column":null}},"type":"if","locations":[{"start":{"line":9,"column":2},"end":{"line":11,"column":null}},{"start":{},"end":{}}],"line":9},"1":{"loc":{"start":{"line":9,"column":6},"end":{"line":9,"column":64}},"type":"binary-expr","locations":[{"start":{"line":9,"column":6},"end":{"line":9,"column":31}},{"start":{"line":9,"column":31},"end":{"line":9,"column":51}},{"start":{"line":9,"column":51},"end":{"line":9,"column":64}}],"line":9},"2":{"loc":{"start":{"line":12,"column":2},"end":{"line":22,"column":null}},"type":"if","locations":[{"start":{"line":12,"column":2},"end":{"line":22,"column":null}},{"start":{"line":14,"column":2},"end":{"line":22,"column":null}}],"line":12},"3":{"loc":{"start":{"line":14,"column":2},"end":{"line":22,"column":null}},"type":"if","locations":[{"start":{"line":14,"column":2},"end":{"line":22,"column":null}},{"start":{"line":18,"column":9},"end":{"line":22,"column":null}}],"line":14},"4":{"loc":{"start":{"line":29,"column":16},"end":{"line":29,"column":28}},"type":"default-arg","locations":[{"start":{"line":29,"column":24},"end":{"line":29,"column":28}}],"line":29},"5":{"loc":{"start":{"line":38,"column":4},"end":{"line":41,"column":null}},"type":"if","locations":[{"start":{"line":38,"column":4},"end":{"line":41,"column":null}},{"start":{},"end":{}}],"line":38},"6":{"loc":{"start":{"line":45,"column":4},"end":{"line":54,"column":null}},"type":"switch","locations":[{"start":{"line":46,"column":6},"end":{"line":47,"column":null}},{"start":{"line":48,"column":6},"end":{"line":49,"column":null}},{"start":{"line":50,"column":6},"end":{"line":51,"column":null}},{"start":{"line":52,"column":6},"end":{"line":53,"column":null}}],"line":45},"7":{"loc":{"start":{"line":58,"column":4},"end":{"line":67,"column":null}},"type":"switch","locations":[{"start":{"line":59,"column":6},"end":{"line":60,"column":null}},{"start":{"line":61,"column":6},"end":{"line":62,"column":null}},{"start":{"line":63,"column":6},"end":{"line":64,"column":null}},{"start":{"line":65,"column":6},"end":{"line":66,"column":null}}],"line":58},"8":{"loc":{"start":{"line":89,"column":13},"end":{"line":93,"column":null}},"type":"binary-expr","locations":[{"start":{"line":89,"column":13},"end":{"line":89,"column":null}},{"start":{"line":90,"column":14},"end":{"line":93,"column":null}}],"line":89},"9":{"loc":{"start":{"line":109,"column":9},"end":{"line":187,"column":null}},"type":"cond-expr","locations":[{"start":{"line":110,"column":10},"end":{"line":110,"column":null}},{"start":{"line":111,"column":12},"end":{"line":187,"column":null}}],"line":109},"10":{"loc":{"start":{"line":111,"column":12},"end":{"line":187,"column":null}},"type":"cond-expr","locations":[{"start":{"line":112,"column":10},"end":{"line":116,"column":null}},{"start":{"line":118,"column":10},"end":{"line":187,"column":null}}],"line":111},"11":{"loc":{"start":{"line":121,"column":18},"end":{"line":121,"column":80}},"type":"cond-expr","locations":[{"start":{"line":121,"column":49},"end":{"line":121,"column":78}},{"start":{"line":121,"column":78},"end":{"line":121,"column":80}}],"line":121},"12":{"loc":{"start":{"line":122,"column":18},"end":{"line":122,"column":74}},"type":"cond-expr","locations":[{"start":{"line":122,"column":48},"end":{"line":122,"column":72}},{"start":{"line":122,"column":72},"end":{"line":122,"column":74}}],"line":122},"13":{"loc":{"start":{"line":123,"column":18},"end":{"line":123,"column":69}},"type":"cond-expr","locations":[{"start":{"line":123,"column":45},"end":{"line":123,"column":67}},{"start":{"line":123,"column":67},"end":{"line":123,"column":69}}],"line":123},"14":{"loc":{"start":{"line":138,"column":19},"end":{"line":156,"column":null}},"type":"binary-expr","locations":[{"start":{"line":138,"column":19},"end":{"line":138,"column":null}},{"start":{"line":139,"column":20},"end":{"line":156,"column":null}}],"line":138},"15":{"loc":{"start":{"line":151,"column":23},"end":{"line":154,"column":null}},"type":"binary-expr","locations":[{"start":{"line":151,"column":23},"end":{"line":151,"column":48}},{"start":{"line":151,"column":48},"end":{"line":151,"column":null}},{"start":{"line":152,"column":24},"end":{"line":154,"column":null}}],"line":151},"16":{"loc":{"start":{"line":160,"column":19},"end":{"line":163,"column":null}},"type":"binary-expr","locations":[{"start":{"line":160,"column":19},"end":{"line":160,"column":null}},{"start":{"line":161,"column":20},"end":{"line":163,"column":null}}],"line":160},"17":{"loc":{"start":{"line":167,"column":19},"end":{"line":177,"column":null}},"type":"binary-expr","locations":[{"start":{"line":167,"column":19},"end":{"line":167,"column":50}},{"start":{"line":167,"column":50},"end":{"line":167,"column":null}},{"start":{"line":168,"column":20},"end":{"line":177,"column":null}}],"line":167},"18":{"loc":{"start":{"line":172,"column":23},"end":{"line":175,"column":null}},"type":"binary-expr","locations":[{"start":{"line":172,"column":23},"end":{"line":172,"column":48}},{"start":{"line":172,"column":48},"end":{"line":172,"column":null}},{"start":{"line":173,"column":24},"end":{"line":175,"column":null}}],"line":172}},"s":{"0":0,"1":0,"2":0,"3":0,"4":0,"5":0,"6":0,"7":0,"8":0,"9":0,"10":0,"11":6,"12":6,"13":6,"14":6,"15":0,"16":6,"17":0,"18":0,"19":6,"20":0,"21":0,"22":0,"23":0,"24":0,"25":6,"26":0,"27":0,"28":0,"29":0,"30":0,"31":6,"32":0,"33":6,"34":0,"35":6,"36":0,"37":6,"38":0,"39":0},"f":{"0":0,"1":6,"2":6,"3":0,"4":0,"5":0,"6":0,"7":0,"8":0,"9":0,"10":0},"b":{"0":[0,0],"1":[0,0,0],"2":[0,0],"3":[0,0],"4":[6],"5":[0,6],"6":[0,0,0,0],"7":[0,0,0,0],"8":[6,0],"9":[6,0],"10":[0,0],"11":[0,0],"12":[0,0],"13":[0,0],"14":[0,0],"15":[0,0,0],"16":[0,0],"17":[0,0,0],"18":[0,0,0]},"meta":{"lastBranch":19,"lastFunction":11,"lastStatement":40,"seen":{"f:8:9:8:20":0,"b:9:2:11:Infinity:undefined:undefined:undefined:undefined":0,"s:9:2:11:Infinity":0,"b:9:6:9:31:9:31:9:51:9:51:9:64":1,"s:10:4:10:Infinity":1,"b:12:2:22:Infinity:14:2:22:Infinity":2,"s:12:2:22:Infinity":2,"s:13:4:13:Infinity":3,"b:14:2:22:Infinity:18:9:22:Infinity":3,"s:14:2:22:Infinity":4,"s:15:17:15:Infinity":5,"s:16:17:16:Infinity":6,"s:17:4:17:Infinity":7,"s:19:18:19:Infinity":8,"s:20:17:20:Infinity":9,"s:21:4:21:Infinity":10,"f:25:16:25:29":1,"s:26:8:26:Infinity":11,"s:29:38:33:Infinity":12,"b:29:24:29:28":4,"s:36:2:42:Infinity":13,"f:36:12:36:18":2,"s:37:22:37:Infinity":14,"f:37:35:37:36":3,"s:37:54:37:78":15,"b:38:4:41:Infinity:undefined:undefined:undefined:undefined":5,"s:38:4:41:Infinity":16,"s:39:6:39:Infinity":17,"s:40:6:40:Infinity":18,"s:44:24:55:Infinity":19,"f:44:24:44:25":4,"b:46:6:47:Infinity:48:6:49:Infinity:50:6:51:Infinity:52:6:53:Infinity":6,"s:45:4:54:Infinity":20,"s:47:8:47:Infinity":21,"s:49:8:49:Infinity":22,"s:51:8:51:Infinity":23,"s:53:8:53:Infinity":24,"s:57:25:68:Infinity":25,"f:57:25:57:26":5,"b:59:6:60:Infinity:61:6:62:Infinity:63:6:64:Infinity:65:6:66:Infinity":7,"s:58:4:67:Infinity":26,"s:60:8:60:Infinity":27,"s:62:8:62:Infinity":28,"s:64:8:64:Infinity":29,"s:66:8:66:Infinity":30,"s:70:26:70:Infinity":31,"f:70:39:70:40":6,"s:70:58:70:83":32,"s:71:25:71:Infinity":33,"f:71:38:71:39":7,"s:71:57:71:81":34,"s:72:22:72:Infinity":35,"f:72:35:72:36":8,"s:72:54:72:75":36,"s:74:2:190:Infinity":37,"b:89:13:89:Infinity:90:14:93:Infinity":8,"f:100:19:100:25":9,"s:100:25:100:Infinity":38,"b:110:10:110:Infinity:111:12:187:Infinity":9,"b:112:10:116:Infinity:118:10:187:Infinity":10,"f:119:23:119:24":10,"s:120:14:185:Infinity":39,"b:121:49:121:78:121:78:121:80":11,"b:122:48:122:72:122:72:122:74":12,"b:123:45:123:67:123:67:123:69":13,"b:138:19:138:Infinity:139:20:156:Infinity":14,"b:151:23:151:48:151:48:151:Infinity:152:24:154:Infinity":15,"b:160:19:160:Infinity:161:20:163:Infinity":16,"b:167:19:167:50:167:50:167:Infinity:168:20:177:Infinity":17,"b:172:23:172:48:172:48:172:Infinity:173:24:175:Infinity":18}}}
,"/home/eric/workspace260113/medical-deidentification/web/frontend/src/presentation/components/ui/badge.tsx": {"path":"/home/eric/workspace260113/medical-deidentification/web/frontend/src/presentation/components/ui/badge.tsx","statementMap":{"0":{"start":{"line":4,"column":14},"end":{"line":29,"column":null}},"1":{"start":{"line":10,"column":2},"end":{"line":27,"column":null}},"2":{"start":{"line":30,"column":0},"end":{"line":30,"column":null}}},"fnMap":{"0":{"name":"(anonymous_0)","decl":{"start":{"line":9,"column":2},"end":{"line":9,"column":3}},"loc":{"start":{"line":9,"column":57},"end":{"line":29,"column":1}},"line":9}},"branchMap":{"0":{"loc":{"start":{"line":9,"column":16},"end":{"line":9,"column":37}},"type":"default-arg","locations":[{"start":{"line":9,"column":26},"end":{"line":9,"column":37}}],"line":9}},"s":{"0":3,"1":16,"2":3},"f":{"0":16},"b":{"0":[16]},"meta":{"lastBranch":1,"lastFunction":1,"lastStatement":3,"seen":{"s:4:14:29:Infinity":0,"f:9:2:9:3":0,"b:9:26:9:37":0,"s:10:2:27:Infinity":1,"s:30:0:30:Infinity":2}}}
,"/home/eric/workspace260113/medical-deidentification/web/frontend/src/presentation/components/ui/button.tsx": {"path":"/home/eric/workspace260113/medical-deidentification/web/frontend/src/presentation/components/ui/button.tsx","statementMap":{"0":{"start":{"line":6,"column":6},"end":{"line":30,"column":null}},"1":{"start":{"line":38,"column":15},"end":{"line":49,"column":null}},"2":{"start":{"line":40,"column":17},"end":{"line":40,"column":null}},"3":{"start":{"line":41,"column":4},"end":{"line":46,"column":null}},"4":{"start":{"line":50,"column":0},"end":{"line":50,"column":null}}},"fnMap":{"0":{"name":"(anonymous_0)","decl":{"start":{"line":39,"column":2},"end":{"line":39,"column":3}},"loc":{"start":{"line":39,"column":68},"end":{"line":48,"column":null}},"line":39}},"branchMap":{"0":{"loc":{"start":{"line":39,"column":31},"end":{"line":39,"column":48}},"type":"default-arg","locations":[{"start":{"line":39,"column":41},"end":{"line":39,"column":48}}],"line":39},"1":{"loc":{"start":{"line":40,"column":17},"end":{"line":40,"column":null}},"type":"cond-expr","locations":[{"start":{"line":40,"column":27},"end":{"line":40,"column":34}},{"start":{"line":40,"column":34},"end":{"line":40,"column":null}}],"line":40}},"s":{"0":3,"1":3,"2":24,"3":24,"4":3},"f":{"0":24},"b":{"0":[24],"1":[0,24]},"meta":{"lastBranch":2,"lastFunction":1,"lastStatement":5,"seen":{"s:6:6:30:Infinity":0,"s:38:15:49:Infinity":1,"f:39:2:39:3":0,"b:39:41:39:48":0,"s:40:17:40:Infinity":2,"b:40:27:40:34:40:34:40:Infinity":1,"s:41:4:46:Infinity":3,"s:50:0:50:Infinity":4}}}
,"/home/eric/workspace260113/medical-deidentification/web/frontend/src/presentation/components/ui/card.tsx": {"path":"/home/eric/workspace260113/medical-deidentification/web/frontend/src/presentation/components/ui/card.tsx","statementMap":{"0":{"start":{"line":4,"column":13},"end":{"line":16,"column":null}},"1":{"start":{"line":8,"column":2},"end":{"line":15,"column":null}},"2":{"start":{"line":17,"column":0},"end":{"line":17,"column":null}},"3":{"start":{"line":19,"column":19},"end":{"line":28,"column":null}},"4":{"start":{"line":23,"column":2},"end":{"line":27,"column":null}},"5":{"start":{"line":29,"column":0},"end":{"line":29,"column":null}},"6":{"start":{"line":31,"column":18},"end":{"line":43,"column":null}},"7":{"start":{"line":35,"column":2},"end":{"line":42,"column":null}},"8":{"start":{"line":44,"column":0},"end":{"line":44,"column":null}},"9":{"start":{"line":46,"column":24},"end":{"line":55,"column":null}},"10":{"start":{"line":50,"column":2},"end":{"line":54,"column":null}},"11":{"start":{"line":56,"column":0},"end":{"line":56,"column":null}},"12":{"start":{"line":58,"column":20},"end":{"line":63,"column":null}},"13":{"start":{"line":62,"column":2},"end":{"line":62,"column":null}},"14":{"start":{"line":64,"column":0},"end":{"line":64,"column":null}},"15":{"start":{"line":66,"column":19},"end":{"line":75,"column":null}},"16":{"start":{"line":70,"column":2},"end":{"line":74,"column":null}},"17":{"start":{"line":76,"column":0},"end":{"line":76,"column":null}}},"fnMap":{"0":{"name":"(anonymous_0)","decl":{"start":{"line":7,"column":2},"end":{"line":7,"column":3}},"loc":{"start":{"line":8,"column":2},"end":{"line":15,"column":null}},"line":8},"1":{"name":"(anonymous_1)","decl":{"start":{"line":22,"column":2},"end":{"line":22,"column":3}},"loc":{"start":{"line":23,"column":2},"end":{"line":27,"column":null}},"line":23},"2":{"name":"(anonymous_2)","decl":{"start":{"line":34,"column":2},"end":{"line":34,"column":3}},"loc":{"start":{"line":35,"column":2},"end":{"line":42,"column":null}},"line":35},"3":{"name":"(anonymous_3)","decl":{"start":{"line":49,"column":2},"end":{"line":49,"column":3}},"loc":{"start":{"line":50,"column":2},"end":{"line":54,"column":null}},"line":50},"4":{"name":"(anonymous_4)","decl":{"start":{"line":61,"column":2},"end":{"line":61,"column":3}},"loc":{"start":{"line":62,"column":2},"end":{"line":62,"column":null}},"line":62},"5":{"name":"(anonymous_5)","decl":{"start":{"line":69,"column":2},"end":{"line":69,"column":3}},"loc":{"start":{"line":70,"column":2},"end":{"line":74,"column":null}},"line":70}},"branchMap":{},"s":{"0":3,"1":1,"2":3,"3":3,"4":0,"5":3,"6":3,"7":0,"8":3,"9":3,"10":0,"11":3,"12":3,"13":1,"14":3,"15":3,"16":0,"17":3},"f":{"0":1,"1":0,"2":0,"3":0,"4":1,"5":0},"b":{},"meta":{"lastBranch":0,"lastFunction":6,"lastStatement":18,"seen":{"s:4:13:16:Infinity":0,"f:7:2:7:3":0,"s:8:2:15:Infinity":1,"s:17:0:17:Infinity":2,"s:19:19:28:Infinity":3,"f:22:2:22:3":1,"s:23:2:27:Infinity":4,"s:29:0:29:Infinity":5,"s:31:18:43:Infinity":6,"f:34:2:34:3":2,"s:35:2:42:Infinity":7,"s:44:0:44:Infinity":8,"s:46:24:55:Infinity":9,"f:49:2:49:3":3,"s:50:2:54:Infinity":10,"s:56:0:56:Infinity":11,"s:58:20:63:Infinity":12,"f:61:2:61:3":4,"s:62:2:62:Infinity":13,"s:64:0:64:Infinity":14,"s:66:19:75:Infinity":15,"f:69:2:69:3":5,"s:70:2:74:Infinity":16,"s:76:0:76:Infinity":17}}}
,"/home/eric/workspace260113/medical-deidentification/web/frontend/src/presentation/components/ui/input.tsx": {"path":"/home/eric/workspace260113/medical-deidentification/web/frontend/src/presentation/components/ui/input.tsx","statementMap":{"0":{"start":{"line":7,"column":14},"end":{"line":21,"column":null}},"1":{"start":{"line":9,"column":4},"end":{"line":18,"column":null}},"2":{"start":{"line":22,"column":0},"end":{"line":22,"column":null}}},"fnMap":{"0":{"name":"(anonymous_0)","decl":{"start":{"line":8,"column":2},"end":{"line":8,"column":3}},"loc":{"start":{"line":8,"column":42},"end":{"line":20,"column":null}},"line":8}},"branchMap":{},"s":{"0":3,"1":0,"2":3},"f":{"0":0},"b":{},"meta":{"lastBranch":0,"lastFunction":1,"lastStatement":3,"seen":{"s:7:14:21:Infinity":0,"f:8:2:8:3":0,"s:9:4:18:Infinity":1,"s:22:0:22:Infinity":2}}}
,"/home/eric/workspace260113/medical-deidentification/web/frontend/src/presentation/components/ui/progress.tsx": {"path":"/home/eric/workspace260113/medical-deidentification/web/frontend/src/presentation/components/ui/progress.tsx","statementMap":{"0":{"start":{"line":5,"column":17},"end":{"line":22,"column":null}},"1":{"start":{"line":9,"column":2},"end":{"line":21,"column":null}},"2":{"start":{"line":23,"column":0},"end":{"line":23,"column":null}}},"fnMap":{"0":{"name":"(anonymous_0)","decl":{"start":{"line":8,"column":2},"end":{"line":8,"column":3}},"loc":{"start":{"line":9,"column":2},"end":{"line":21,"column":null}},"line":9}},"branchMap":{"0":{"loc":{"start":{"line":19,"column":48},"end":{"line":19,"column":59}},"type":"binary-expr","locations":[{"start":{"line":19,"column":48},"end":{"line":19,"column":57}},{"start":{"line":19,"column":57},"end":{"line":19,"column":59}}],"line":19}},"s":{"0":3,"1":0,"2":3},"f":{"0":0},"b":{"0":[0,0]},"meta":{"lastBranch":1,"lastFunction":1,"lastStatement":3,"seen":{"s:5:17:22:Infinity":0,"f:8:2:8:3":0,"s:9:2:21:Infinity":1,"b:19:48:19:57:19:57:19:59":0,"s:23:0:23:Infinity":2}}}
,"/home/eric/workspace260113/medical-deidentification/web/frontend/src/presentation/components/ui/scroll-area.tsx": {"path":"/home/eric/workspace260113/medical-deidentification/web/frontend/src/presentation/components/ui/scroll-area.tsx","statementMap":{"0":{"start":{"line":5,"column":19},"end":{"line":20,"column":null}},"1":{"start":{"line":9,"column":2},"end":{"line":19,"column":null}},"2":{"start":{"line":21,"column":0},"end":{"line":21,"column":null}},"3":{"start":{"line":23,"column":18},"end":{"line":42,"column":null}},"4":{"start":{"line":27,"column":2},"end":{"line":41,"column":null}},"5":{"start":{"line":43,"column":0},"end":{"line":43,"column":null}}},"fnMap":{"0":{"name":"(anonymous_0)","decl":{"start":{"line":8,"column":2},"end":{"line":8,"column":3}},"loc":{"start":{"line":9,"column":2},"end":{"line":19,"column":null}},"line":9},"1":{"name":"(anonymous_1)","decl":{"start":{"line":26,"column":2},"end":{"line":26,"column":3}},"loc":{"start":{"line":27,"column":2},"end":{"line":41,"column":null}},"line":27}},"branchMap":{"0":{"loc":{"start":{"line":26,"column":16},"end":{"line":26,"column":42}},"type":"default-arg","locations":[{"start":{"line":26,"column":30},"end":{"line":26,"column":42}}],"line":26},"1":{"loc":{"start":{"line":32,"column":6},"end":{"line":33,"column":null}},"type":"binary-expr","locations":[{"start":{"line":32,"column":6},"end":{"line":32,"column":null}},{"start":{"line":33,"column":8},"end":{"line":33,"column":null}}],"line":32},"2":{"loc":{"start":{"line":34,"column":6},"end":{"line":35,"column":null}},"type":"binary-expr","locations":[{"start":{"line":34,"column":6},"end":{"line":34,"column":null}},{"start":{"line":35,"column":8},"end":{"line":35,"column":null}}],"line":34}},"s":{"0":3,"1":14,"2":3,"3":3,"4":14,"5":3},"f":{"0":14,"1":14},"b":{"0":[14],"1":[14,14],"2":[14,0]},"meta":{"lastBranch":3,"lastFunction":2,"lastStatement":6,"seen":{"s:5:19:20:Infinity":0,"f:8:2:8:3":0,"s:9:2:19:Infinity":1,"s:21:0:21:Infinity":2,"s:23:18:42:Infinity":3,"f:26:2:26:3":1,"s:27:2:41:Infinity":4,"b:26:30:26:42":0,"b:32:6:32:Infinity:33:8:33:Infinity":1,"b:34:6:34:Infinity:35:8:35:Infinity":2,"s:43:0:43:Infinity":5}}}
,"/home/eric/workspace260113/medical-deidentification/web/frontend/src/presentation/components/ui/select.tsx": {"path":"/home/eric/workspace260113/medical-deidentification/web/frontend/src/presentation/components/ui/select.tsx","statementMap":{"0":{"start":{"line":6,"column":15},"end":{"line":6,"column":null}},"1":{"start":{"line":8,"column":20},"end":{"line":8,"column":null}},"2":{"start":{"line":10,"column":20},"end":{"line":10,"column":null}},"3":{"start":{"line":12,"column":22},"end":{"line":29,"column":null}},"4":{"start":{"line":16,"column":2},"end":{"line":28,"column":null}},"5":{"start":{"line":30,"column":0},"end":{"line":30,"column":null}},"6":{"start":{"line":32,"column":29},"end":{"line":46,"column":null}},"7":{"start":{"line":36,"column":2},"end":{"line":45,"column":null}},"8":{"start":{"line":47,"column":0},"end":{"line":47,"column":null}},"9":{"start":{"line":49,"column":31},"end":{"line":63,"column":null}},"10":{"start":{"line":53,"column":2},"end":{"line":62,"column":null}},"11":{"start":{"line":64,"column":0},"end":{"line":65,"column":null}},"12":{"start":{"line":67,"column":22},"end":{"line":96,"column":null}},"13":{"start":{"line":71,"column":2},"end":{"line":95,"column":null}},"14":{"start":{"line":97,"column":0},"end":{"line":97,"column":null}},"15":{"start":{"line":99,"column":20},"end":{"line":108,"column":null}},"16":{"start":{"line":103,"column":2},"end":{"line":107,"column":null}},"17":{"start":{"line":109,"column":0},"end":{"line":109,"column":null}},"18":{"start":{"line":111,"column":19},"end":{"line":131,"column":null}},"19":{"start":{"line":115,"column":2},"end":{"line":130,"column":null}},"20":{"start":{"line":132,"column":0},"end":{"line":132,"column":null}},"21":{"start":{"line":134,"column":24},"end":{"line":143,"column":null}},"22":{"start":{"line":138,"column":2},"end":{"line":142,"column":null}},"23":{"start":{"line":144,"column":0},"end":{"line":144,"column":null}}},"fnMap":{"0":{"name":"(anonymous_0)","decl":{"start":{"line":15,"column":2},"end":{"line":15,"column":3}},"loc":{"start":{"line":16,"column":2},"end":{"line":28,"column":null}},"line":16},"1":{"name":"(anonymous_1)","decl":{"start":{"line":35,"column":2},"end":{"line":35,"column":3}},"loc":{"start":{"line":36,"column":2},"end":{"line":45,"column":null}},"line":36},"2":{"name":"(anonymous_2)","decl":{"start":{"line":52,"column":2},"end":{"line":52,"column":3}},"loc":{"start":{"line":53,"column":2},"end":{"line":62,"column":null}},"line":53},"3":{"name":"(anonymous_3)","decl":{"start":{"line":70,"column":2},"end":{"line":70,"column":3}},"loc":{"start":{"line":71,"column":2},"end":{"line":95,"column":null}},"line":71},"4":{"name":"(anonymous_4)","decl":{"start":{"line":102,"column":2},"end":{"line":102,"column":3}},"loc":{"start":{"line":103,"column":2},"end":{"line":107,"column":null}},"line":103},"5":{"name":"(anonymous_5)","decl":{"start":{"line":114,"column":2},"end":{"line":114,"column":3}},"loc":{"start":{"line":115,"column":2},"end":{"line":130,"column":null}},"line":115},"6":{"name":"(anonymous_6)","decl":{"start":{"line":137,"column":2},"end":{"line":137,"column":3}},"loc":{"start":{"line":138,"column":2},"end":{"line":142,"column":null}},"line":138}},"branchMap":{"0":{"loc":{"start":{"line":70,"column":26},"end":{"line":70,"column":47}},"type":"default-arg","locations":[{"start":{"line":70,"column":37},"end":{"line":70,"column":47}}],"line":70},"1":{"loc":{"start":{"line":76,"column":8},"end":{"line":77,"column":null}},"type":"binary-expr","locations":[{"start":{"line":76,"column":8},"end":{"line":76,"column":null}},{"start":{"line":77,"column":10},"end":{"line":77,"column":null}}],"line":76},"2":{"loc":{"start":{"line":87,"column":10},"end":{"line":88,"column":null}},"type":"binary-expr","locations":[{"start":{"line":87,"column":10},"end":{"line":87,"column":null}},{"start":{"line":88,"column":12},"end":{"line":88,"column":null}}],"line":87}},"s":{"0":3,"1":3,"2":3,"3":3,"4":0,"5":3,"6":3,"7":0,"8":3,"9":3,"10":0,"11":3,"12":3,"13":0,"14":3,"15":3,"16":0,"17":3,"18":3,"19":0,"20":3,"21":3,"22":0,"23":3},"f":{"0":0,"1":0,"2":0,"3":0,"4":0,"5":0,"6":0},"b":{"0":[0],"1":[0,0],"2":[0,0]},"meta":{"lastBranch":3,"lastFunction":7,"lastStatement":24,"seen":{"s:6:15:6:Infinity":0,"s:8:20:8:Infinity":1,"s:10:20:10:Infinity":2,"s:12:22:29:Infinity":3,"f:15:2:15:3":0,"s:16:2:28:Infinity":4,"s:30:0:30:Infinity":5,"s:32:29:46:Infinity":6,"f:35:2:35:3":1,"s:36:2:45:Infinity":7,"s:47:0:47:Infinity":8,"s:49:31:63:Infinity":9,"f:52:2:52:3":2,"s:53:2:62:Infinity":10,"s:64:0:65:Infinity":11,"s:67:22:96:Infinity":12,"f:70:2:70:3":3,"s:71:2:95:Infinity":13,"b:70:37:70:47":0,"b:76:8:76:Infinity:77:10:77:Infinity":1,"b:87:10:87:Infinity:88:12:88:Infinity":2,"s:97:0:97:Infinity":14,"s:99:20:108:Infinity":15,"f:102:2:102:3":4,"s:103:2:107:Infinity":16,"s:109:0:109:Infinity":17,"s:111:19:131:Infinity":18,"f:114:2:114:3":5,"s:115:2:130:Infinity":19,"s:132:0:132:Infinity":20,"s:134:24:143:Infinity":21,"f:137:2:137:3":6,"s:138:2:142:Infinity":22,"s:144:0:144:Infinity":23}}}
,"/home/eric/workspace260113/medical-deidentification/web/frontend/src/presentation/components/ui/switch.tsx": {"path":"/home/eric/workspace260113/medical-deidentification/web/frontend/src/presentation/components/ui/switch.tsx","statementMap":{"0":{"start":{"line":5,"column":15},"end":{"line":23,"column":null}},"1":{"start":{"line":9,"column":2},"end":{"line":22,"column":null}},"2":{"start":{"line":24,"column":0},"end":{"line":24,"column":null}}},"fnMap":{"0":{"name":"(anonymous_0)","decl":{"start":{"line":8,"column":2},"end":{"line":8,"column":3}},"loc":{"start":{"line":9,"column":2},"end":{"line":22,"column":null}},"line":9}},"branchMap":{},"s":{"0":3,"1":0,"2":3},"f":{"0":0},"b":{},"meta":{"lastBranch":0,"lastFunction":1,"lastStatement":3,"seen":{"s:5:15:23:Infinity":0,"f:8:2:8:3":0,"s:9:2:22:Infinity":1,"s:24:0:24:Infinity":2}}}
,"/home/eric/workspace260113/medical-deidentification/web/frontend/src/presentation/components/ui/table.tsx": {"path":"/home/eric/workspace260113/medical-deidentification/web/frontend/src/presentation/components/ui/table.tsx","statementMap":{"0":{"start":{"line":5,"column":14},"end":{"line":16,"column":null}},"1":{"start":{"line":9,"column":2},"end":{"line":15,"column":null}},"2":{"start":{"line":17,"column":0},"end":{"line":17,"column":null}},"3":{"start":{"line":19,"column":20},"end":{"line":24,"column":null}},"4":{"start":{"line":23,"column":2},"end":{"line":23,"column":null}},"5":{"start":{"line":25,"column":0},"end":{"line":25,"column":null}},"6":{"start":{"line":27,"column":18},"end":{"line":36,"column":null}},"7":{"start":{"line":31,"column":2},"end":{"line":35,"column":null}},"8":{"start":{"line":37,"column":0},"end":{"line":37,"column":null}},"9":{"start":{"line":39,"column":20},"end":{"line":51,"column":null}},"10":{"start":{"line":43,"column":2},"end":{"line":50,"column":null}},"11":{"start":{"line":52,"column":0},"end":{"line":52,"column":null}},"12":{"start":{"line":54,"column":17},"end":{"line":66,"column":null}},"13":{"start":{"line":58,"column":2},"end":{"line":65,"column":null}},"14":{"start":{"line":67,"column":0},"end":{"line":67,"column":null}},"15":{"start":{"line":69,"column":18},"end":{"line":81,"column":null}},"16":{"start":{"line":73,"column":2},"end":{"line":80,"column":null}},"17":{"start":{"line":82,"column":0},"end":{"line":82,"column":null}},"18":{"start":{"line":84,"column":18},"end":{"line":93,"column":null}},"19":{"start":{"line":88,"column":2},"end":{"line":92,"column":null}},"20":{"start":{"line":94,"column":0},"end":{"line":94,"column":null}},"21":{"start":{"line":96,"column":21},"end":{"line":105,"column":null}},"22":{"start":{"line":100,"column":2},"end":{"line":104,"column":null}},"23":{"start":{"line":106,"column":0},"end":{"line":106,"column":null}}},"fnMap":{"0":{"name":"(anonymous_0)","decl":{"start":{"line":8,"column":2},"end":{"line":8,"column":3}},"loc":{"start":{"line":9,"column":2},"end":{"line":15,"column":null}},"line":9},"1":{"name":"(anonymous_1)","decl":{"start":{"line":22,"column":2},"end":{"line":22,"column":3}},"loc":{"start":{"line":23,"column":2},"end":{"line":23,"column":null}},"line":23},"2":{"name":"(anonymous_2)","decl":{"start":{"line":30,"column":2},"end":{"line":30,"column":3}},"loc":{"start":{"line":31,"column":2},"end":{"line":35,"column":null}},"line":31},"3":{"name":"(anonymous_3)","decl":{"start":{"line":42,"column":2},"end":{"line":42,"column":3}},"loc":{"start":{"line":43,"column":2},"end":{"line":50,"column":null}},"line":43},"4":{"name":"(anonymous_4)","decl":{"start":{"line":57,"column":2},"end":{"line":57,"column":3}},"loc":{"start":{"line":58,"column":2},"end":{"line":65,"column":null}},"line":58},"5":{"name":"(anonymous_5)","decl":{"start":{"line":72,"column":2},"end":{"line":72,"column":3}},"loc":{"start":{"line":73,"column":2},"end":{"line":80,"column":null}},"line":73},"6":{"name":"(anonymous_6)","decl":{"start":{"line":87,"column":2},"end":{"line":87,"column":3}},"loc":{"start":{"line":88,"column":2},"end":{"line":92,"column":null}},"line":88},"7":{"name":"(anonymous_7)","decl":{"start":{"line":99,"column":2},"end":{"line":99,"column":3}},"loc":{"start":{"line":100,"column":2},"end":{"line":104,"column":null}},"line":100}},"branchMap":{},"s":{"0":3,"1":0,"2":3,"3":3,"4":0,"5":3,"6":3,"7":0,"8":3,"9":3,"10":0,"11":3,"12":3,"13":0,"14":3,"15":3,"16":0,"17":3,"18":3,"19":0,"20":3,"21":3,"22":0,"23":3},"f":{"0":0,"1":0,"2":0,"3":0,"4":0,"5":0,"6":0,"7":0},"b":{},"meta":{"lastBranch":0,"lastFunction":8,"lastStatement":24,"seen":{"s:5:14:16:Infinity":0,"f:8:2:8:3":0,"s:9:2:15:Infinity":1,"s:17:0:17:Infinity":2,"s:19:20:24:Infinity":3,"f:22:2:22:3":1,"s:23:2:23:Infinity":4,"s:25:0:25:Infinity":5,"s:27:18:36:Infinity":6,"f:30:2:30:3":2,"s:31:2:35:Infinity":7,"s:37:0:37:Infinity":8,"s:39:20:51:Infinity":9,"f:42:2:42:3":3,"s:43:2:50:Infinity":10,"s:52:0:52:Infinity":11,"s:54:17:66:Infinity":12,"f:57:2:57:3":4,"s:58:2:65:Infinity":13,"s:67:0:67:Infinity":14,"s:69:18:81:Infinity":15,"f:72:2:72:3":5,"s:73:2:80:Infinity":16,"s:82:0:82:Infinity":17,"s:84:18:93:Infinity":18,"f:87:2:87:3":6,"s:88:2:92:Infinity":19,"s:94:0:94:Infinity":20,"s:96:21:105:Infinity":21,"f:99:2:99:3":7,"s:100:2:104:Infinity":22,"s:106:0:106:Infinity":23}}}
,"/home/eric/workspace260113/medical-deidentification/web/frontend/src/presentation/components/ui/tabs.tsx": {"path":"/home/eric/workspace260113/medical-deidentification/web/frontend/src/presentation/components/ui/tabs.tsx","statementMap":{"0":{"start":{"line":5,"column":13},"end":{"line":5,"column":null}},"1":{"start":{"line":7,"column":17},"end":{"line":19,"column":null}},"2":{"start":{"line":11,"column":2},"end":{"line":18,"column":null}},"3":{"start":{"line":20,"column":0},"end":{"line":20,"column":null}},"4":{"start":{"line":22,"column":20},"end":{"line":34,"column":null}},"5":{"start":{"line":26,"column":2},"end":{"line":33,"column":null}},"6":{"start":{"line":35,"column":0},"end":{"line":35,"column":null}},"7":{"start":{"line":37,"column":20},"end":{"line":49,"column":null}},"8":{"start":{"line":41,"column":2},"end":{"line":48,"column":null}},"9":{"start":{"line":50,"column":0},"end":{"line":50,"column":null}}},"fnMap":{"0":{"name":"(anonymous_0)","decl":{"start":{"line":10,"column":2},"end":{"line":10,"column":3}},"loc":{"start":{"line":11,"column":2},"end":{"line":18,"column":null}},"line":11},"1":{"name":"(anonymous_1)","decl":{"start":{"line":25,"column":2},"end":{"line":25,"column":3}},"loc":{"start":{"line":26,"column":2},"end":{"line":33,"column":null}},"line":26},"2":{"name":"(anonymous_2)","decl":{"start":{"line":40,"column":2},"end":{"line":40,"column":3}},"loc":{"start":{"line":41,"column":2},"end":{"line":48,"column":null}},"line":41}},"branchMap":{},"s":{"0":3,"1":3,"2":0,"3":3,"4":3,"5":0,"6":3,"7":3,"8":0,"9":3},"f":{"0":0,"1":0,"2":0},"b":{},"meta":{"lastBranch":0,"lastFunction":3,"lastStatement":10,"seen":{"s:5:13:5:Infinity":0,"s:7:17:19:Infinity":1,"f:10:2:10:3":0,"s:11:2:18:Infinity":2,"s:20:0:20:Infinity":3,"s:22:20:34:Infinity":4,"f:25:2:25:3":1,"s:26:2:33:Infinity":5,"s:35:0:35:Infinity":6,"s:37:20:49:Infinity":7,"f:40:2:40:3":2,"s:41:2:48:Infinity":8,"s:50:0:50:Infinity":9}}}
,"/home/eric/workspace260113/medical-deidentification/web/frontend/src/presentation/components/ui/textarea.tsx": {"path":"/home/eric/workspace260113/medical-deidentification/web/frontend/src/presentation/components/ui/textarea.tsx","statementMap":{"0":{"start":{"line":7,"column":17},"end":{"line":20,"column":null}},"1":{"start":{"line":9,"column":4},"end":{"line":17,"column":null}},"2":{"start":{"line":21,"column":0},"end":{"line":21,"column":null}}},"fnMap":{"0":{"name":"(anonymous_0)","decl":{"start":{"line":8,"column":2},"end":{"line":8,"column":3}},"loc":{"start":{"line":8,"column":36},"end":{"line":19,"column":null}},"line":8}},"branchMap":{},"s":{"0":3,"1":0,"2":3},"f":{"0":0},"b":{},"meta":{"lastBranch":0,"lastFunction":1,"lastStatement":3,"seen":{"s:7:17:20:Infinity":0,"f:8:2:8:3":0,"s:9:4:17:Infinity":1,"s:21:0:21:Infinity":2}}}
}
